number,value,datetime_start,datetime_complete,duration,params_bootstrap,params_contamination,params_max_features,params_max_samples,params_n_estimators,state
123,0.8550390598202112,2026-08-09 21:25:42.687624,2026-08-09 21:25:43.586347,0 days 00:00:00.898723,False,0.23731211551388673,0.8248112494494649,0.33972290373763214,100,COMPLETE
124,0.8459510876005184,2026-08-09 21:25:43.649026,2026-08-09 21:25:44.468418,0 days 00:00:00.819392,False,0.45136054468432263,0.7383493428324333,0.2974616908541801,100,COMPLETE
125,0.8634071039853115,2026-08-09 21:25:44.546789,2026-08-09 21:25:45.442371,0 days 00:00:00.895582,False,0.4300588122277466,0.7859236152574077,0.825255020478488,100,COMPLETE
126,0.8449026155049338,2026-08-09 21:25:45.505205,2026-08-09 21:25:46.420755,0 days 00:00:00.915550,False,0.15500825547513108,0.8348077686987404,0.3975369752278513,100,COMPLETE
127,0.8373669577495357,2026-08-09 21:25:46.483999,2026-08-09 21:25:47.267683,0 days 00:00:00.783684,False,0.2511085212403186,0.7600293826924825,0.36210115967867074,100,COMPLETE
128,0.8571011040027741,2026-08-09 21:25:47.395372,2026-08-09 21:25:48.135523,0 days 00:00:00.740151,False,0.13526946665055306,0.6993042860020976,0.3250504257526486,100,COMPLETE
129,0.8411154282236045,2026-08-09 21:25:48.213774,2026-08-09 21:25:49.031101,0 days 00:00:00.817327,False,0.4108946552624164,0.7321979803602457,0.2800755110738744,100,COMPLETE
130,0.8586401469841679,2026-08-09 21:25:49.093943,2026-08-09 21:25:50.687248,0 days 00:00:01.593305,False,0.1968049766204223,0.7445940042714876,0.382028323300079,200,COMPLETE
131,0.8559037019204984,2026-08-09 21:25:50.750655,2026-08-09 21:25:51.624134,0 days 00:00:00.873479,False,0.43119219591744784,0.7870209971822767,0.30650537239346787,100,COMPLETE
132,0.8436873268564172,2026-08-09 21:25:51.702632,2026-08-09 21:25:52.553627,0 days 00:00:00.850995,False,0.42508554551705047,0.7751718474608857,0.7285758073228479,100,COMPLETE
133,0.8514876159851519,2026-08-09 21:25:52.632370,2026-08-09 21:25:53.545557,0 days 00:00:00.913187,False,0.3965442003607686,0.8092722799997748,0.7991573438222626,100,COMPLETE
134,0.848245981447365,2026-08-09 21:25:53.608487,2026-08-09 21:25:54.551896,0 days 00:00:00.943409,False,0.44257926133333203,0.8044399915181191,0.8882360735984651,100,COMPLETE
135,0.834974972527781,2026-08-09 21:25:54.614563,2026-08-09 21:25:55.385268,0 days 00:00:00.770705,False,0.47614197301975414,0.6828207383426721,0.6138694571932258,100,COMPLETE
136,0.849904542614058,2026-08-09 21:25:55.495678,2026-08-09 21:25:56.330532,0 days 00:00:00.834854,False,0.265442924942942,0.7631381095938833,0.6468113265049915,100,COMPLETE
137,0.8663265558131963,2026-08-09 21:25:56.441013,2026-08-09 21:25:57.259062,0 days 00:00:00.818049,False,0.17679952253471076,0.7865656009119484,0.21790342586813455,100,COMPLETE
138,0.8532694871894018,2026-08-09 21:25:57.321994,2026-08-09 21:25:58.077858,0 days 00:00:00.755864,False,0.18643706772672464,0.7083458523304547,0.16871382748520078,100,COMPLETE
139,0.8408230315110407,2026-08-09 21:25:58.140501,2026-08-09 21:25:59.006210,0 days 00:00:00.865709,False,0.17532429773443595,0.8209038580148355,0.17850491608370772,100,COMPLETE
140,0.8451759282242282,2026-08-09 21:25:59.068956,2026-08-09 21:25:59.782398,0 days 00:00:00.713442,True,0.20733626080452744,0.6644837012887919,0.22450909771410524,100,COMPLETE
141,0.8575653065475559,2026-08-09 21:25:59.857391,2026-08-09 21:26:00.786236,0 days 00:00:00.928845,False,0.15429097796093744,0.7879109027036356,0.9131083548762838,100,COMPLETE
142,0.8557333429792734,2026-08-09 21:26:00.848897,2026-08-09 21:26:01.693253,0 days 00:00:00.844356,False,0.11660110285769479,0.7695758534549053,0.2754406947482684,100,COMPLETE
143,0.8481935441220677,2026-08-09 21:26:01.772162,2026-08-09 21:26:02.620036,0 days 00:00:00.847874,False,0.3784859208574803,0.793563128381577,0.2104728020870384,100,COMPLETE
144,0.8487873182499105,2026-08-09 21:26:02.683045,2026-08-09 21:26:03.487100,0 days 00:00:00.804055,False,0.4372080460336236,0.7225360228096817,0.25278801445559396,100,COMPLETE
145,0.8561071148369941,2026-08-09 21:26:03.551414,2026-08-09 21:26:04.414270,0 days 00:00:00.862856,False,0.24268689485718137,0.7806038019596188,0.838724643594714,100,COMPLETE
146,0.8607940188519918,2026-08-09 21:26:04.524957,2026-08-09 21:26:05.351228,0 days 00:00:00.826271,False,0.2751088818347805,0.8003572412261889,0.3428356367731184,100,COMPLETE
147,0.8457979416728305,2026-08-09 21:26:05.461715,2026-08-09 21:26:06.328068,0 days 00:00:00.866353,False,0.41401026281316994,0.8445338554205448,0.2363752818420298,100,COMPLETE
148,0.8491669774571888,2026-08-09 21:26:06.406559,2026-08-09 21:26:07.208356,0 days 00:00:00.801797,False,0.2263538646420814,0.7500789488055805,0.2887591326393575,100,COMPLETE
149,0.858774483328947,2026-08-09 21:26:07.289770,2026-08-09 21:26:08.107559,0 days 00:00:00.817789,False,0.16287449803754453,0.6985356583825362,0.9557883260914992,100,COMPLETE
150,0.8362970816458136,2026-08-09 21:26:08.186070,2026-08-09 21:26:08.958303,0 days 00:00:00.772233,False,0.4525271724752685,0.6761792006664125,0.3197670054399575,100,COMPLETE
151,0.8646937892204126,2026-08-09 21:26:09.021119,2026-08-09 21:26:09.824829,0 days 00:00:00.803710,False,0.2537581720491378,0.7066683530072857,0.3750204573391622,100,COMPLETE
152,0.8490688133872342,2026-08-09 21:26:09.887487,2026-08-09 21:26:10.660048,0 days 00:00:00.772561,False,0.24347662777384668,0.6890340565367405,0.36920574427453334,100,COMPLETE
153,0.8490467358263931,2026-08-09 21:26:10.738359,2026-08-09 21:26:11.548214,0 days 00:00:00.809855,False,0.26256210263892976,0.7136355381187341,0.38883839679987997,100,COMPLETE
154,0.8634838391007322,2026-08-09 21:26:11.610945,2026-08-09 21:26:12.381722,0 days 00:00:00.770777,False,0.253536729796189,0.7059232731931065,0.4097961977646832,100,COMPLETE
155,0.8711168127486064,2026-08-09 21:26:12.493333,2026-08-09 21:26:13.264684,0 days 00:00:00.771351,False,0.25466206232815713,0.6984179530615227,0.41299579421222116,100,COMPLETE
156,0.8387108949644451,2026-08-09 21:26:13.327351,2026-08-09 21:26:14.147613,0 days 00:00:00.820262,False,0.27361830164100437,0.7291243535260252,0.4383263222173713,100,COMPLETE
157,0.8473466888024358,2026-08-09 21:26:14.209846,2026-08-09 21:26:15.011723,0 days 00:00:00.801877,False,0.23567671269846657,0.6989869576991993,0.42086620249999696,100,COMPLETE
158,0.8657425606727545,2026-08-09 21:26:15.090123,2026-08-09 21:26:15.903102,0 days 00:00:00.812979,False,0.2563803429390625,0.7145157407205143,0.3530468878431201,100,COMPLETE
159,0.8653581865965507,2026-08-09 21:26:15.965798,2026-08-09 21:26:16.786015,0 days 00:00:00.820217,False,0.2539701118999539,0.7181609840609133,0.353103273901254,100,COMPLETE
160,0.8623134040729982,2026-08-09 21:26:16.846861,2026-08-09 21:26:17.633795,0 days 00:00:00.786934,False,0.2543868573118838,0.7148391350821294,0.3484152479609971,100,COMPLETE
161,0.8497591550156601,2026-08-09 21:26:17.712207,2026-08-09 21:26:18.484084,0 days 00:00:00.771877,False,0.2310982699502126,0.7222576907773535,0.36225148006987357,100,COMPLETE
162,0.8511918016162769,2026-08-09 21:26:18.595001,2026-08-09 21:26:19.333483,0 days 00:00:00.738482,False,0.21445876080804893,0.6891102923400417,0.33667629896933554,100,COMPLETE
163,0.8523852372215203,2026-08-09 21:26:19.396444,2026-08-09 21:26:20.200408,0 days 00:00:00.803964,False,0.25643693891568997,0.7328335795565348,0.37586875174291257,100,COMPLETE
164,0.8623411694122255,2026-08-09 21:26:20.279046,2026-08-09 21:26:21.051440,0 days 00:00:00.772394,False,0.24443165798261132,0.7040541635403927,0.3065861532706918,100,COMPLETE
165,0.8414952371092614,2026-08-09 21:26:21.130511,2026-08-09 21:26:21.902330,0 days 00:00:00.771819,False,0.14009376780397448,0.676343281899082,0.33417399918020585,100,COMPLETE
166,0.865201173977416,2026-08-09 21:26:21.965364,2026-08-09 21:26:22.774820,0 days 00:00:00.809456,False,0.22454149162334403,0.7159876651838097,0.3537897432644725,100,COMPLETE
167,0.8452901328270878,2026-08-09 21:26:22.853172,2026-08-09 21:26:23.457429,0 days 00:00:00.604257,True,0.19661505148746095,0.5455992807520419,0.455761676585797,100,COMPLETE
168,0.8632997596414704,2026-08-09 21:26:23.584003,2026-08-09 21:26:24.357604,0 days 00:00:00.773601,False,0.2236431615530533,0.7205195841789773,0.401898773735932,100,COMPLETE
169,0.8470596056723115,2026-08-09 21:26:24.435927,2026-08-09 21:26:25.237792,0 days 00:00:00.801865,False,0.1738795254327645,0.7467795591905403,0.2675951991850234,100,COMPLETE
170,0.8415352012363433,2026-08-09 21:26:25.301506,2026-08-09 21:26:26.151870,0 days 00:00:00.850364,False,0.21134937366374176,0.7575292923435031,0.35550816897990767,100,COMPLETE
171,0.8493886012430789,2026-08-09 21:26:26.214623,2026-08-09 21:26:27.018605,0 days 00:00:00.803982,False,0.2397056050511053,0.6998309533142816,0.37723806556095063,100,COMPLETE
172,0.8557444690720813,2026-08-09 21:26:27.081293,2026-08-09 21:26:27.884546,0 days 00:00:00.803253,False,0.2788364989603256,0.7159339274418687,0.31317352473646126,100,COMPLETE
173,0.8612605164652454,2026-08-09 21:26:27.948872,2026-08-09 21:26:28.749648,0 days 00:00:00.800776,False,0.2242586844917353,0.6900429821665435,0.3458578250613337,100,COMPLETE
174,0.8682529165455726,2026-08-09 21:26:28.812316,2026-08-09 21:26:29.592135,0 days 00:00:00.779819,False,0.24773075034593883,0.7083518050761711,0.3276136832675684,100,COMPLETE
175,0.847727096401607,2026-08-09 21:26:29.671393,2026-08-09 21:26:30.427140,0 days 00:00:00.755747,False,0.23955990036926747,0.7101145612761055,0.30108261330602537,100,COMPLETE
176,0.8616145557233894,2026-08-09 21:26:30.489849,2026-08-09 21:26:31.338974,0 days 00:00:00.849125,False,0.25272217118164925,0.8111143765132277,0.33354057922748775,100,COMPLETE
177,0.8426669942960064,2026-08-09 21:26:31.417469,2026-08-09 21:26:32.237479,0 days 00:00:00.820010,False,0.23036104422360917,0.7375850397706218,0.39227427320144803,100,COMPLETE
178,0.8460527691123698,2026-08-09 21:26:32.316110,2026-08-09 21:26:33.120767,0 days 00:00:00.804657,False,0.26791003711702877,0.7304230593790672,0.3210254118215518,100,COMPLETE
179,0.852708442733676,2026-08-09 21:26:33.183539,2026-08-09 21:26:34.023132,0 days 00:00:00.839593,False,0.18367056011648447,0.7702804673973754,0.3634072119100629,100,COMPLETE
180,0.8688224178296885,2026-08-09 21:26:34.101510,2026-08-09 21:26:34.896958,0 days 00:00:00.795448,False,0.0864877416826691,0.6939865280417274,0.4201324038364776,100,COMPLETE
181,0.8612083535503087,2026-08-09 21:26:34.959618,2026-08-09 21:26:35.763936,0 days 00:00:00.804318,False,0.08069843795893544,0.6951455946861909,0.42743111881708906,100,COMPLETE
182,0.8554338614901231,2026-08-09 21:26:35.842309,2026-08-09 21:26:36.648432,0 days 00:00:00.806123,False,0.017369442409439717,0.7111540233008365,0.4051557552325,100,COMPLETE
183,0.8432770833671148,2026-08-09 21:26:36.710066,2026-08-09 21:26:37.462964,0 days 00:00:00.752898,False,0.20146484348920016,0.6839621551356333,0.37823886997864015,100,COMPLETE
184,0.8523120195479963,2026-08-09 21:26:37.529045,2026-08-09 21:26:38.315042,0 days 00:00:00.785997,False,0.053545340392303215,0.7212328755324181,0.2875836133904062,100,COMPLETE
185,0.857169507021787,2026-08-09 21:26:38.378109,2026-08-09 21:26:39.173332,0 days 00:00:00.795223,False,0.40544225719159577,0.7027100086516753,0.3555955783933236,100,COMPLETE
186,0.8685181466324237,2026-08-09 21:26:39.251776,2026-08-09 21:26:40.023027,0 days 00:00:00.771251,False,0.24650777880085212,0.6715625367045495,0.4185127374164338,100,COMPLETE
187,0.8516228254538062,2026-08-09 21:26:40.102200,2026-08-09 21:26:43.764824,0 days 00:00:03.662624,False,0.09382583930755165,0.6447539425782329,0.41689570616065474,500,COMPLETE
188,0.8342301729159467,2026-08-09 21:26:43.842789,2026-08-09 21:26:44.566873,0 days 00:00:00.724084,False,0.2443177756733301,0.6604122171383018,0.45403317537887455,100,COMPLETE
189,0.8583460539166466,2026-08-09 21:26:44.693652,2026-08-09 21:26:45.442046,0 days 00:00:00.748394,False,0.2609150915762331,0.6694898762115873,0.43965402271043413,100,COMPLETE
190,0.851645576567351,2026-08-09 21:26:45.520384,2026-08-09 21:26:46.386177,0 days 00:00:00.865793,False,0.0652416382344182,0.8003529304301154,0.48123602131739573,100,COMPLETE
191,0.8514913080518236,2026-08-09 21:26:46.449365,2026-08-09 21:26:47.219306,0 days 00:00:00.769941,False,0.25021022374805,0.6868126833694038,0.38838328126383426,100,COMPLETE
192,0.8481329992179304,2026-08-09 21:26:47.297916,2026-08-09 21:26:48.085949,0 days 00:00:00.788033,False,0.2326511974900536,0.6925455429861085,0.3294577016315417,100,COMPLETE
193,0.8222115728827681,2026-08-09 21:26:48.148682,2026-08-09 21:26:48.928155,0 days 00:00:00.779473,False,0.21331819675512653,0.6786776821973393,0.3751979487796473,100,COMPLETE
194,0.8537612555022395,2026-08-09 21:26:48.990815,2026-08-09 21:26:49.874334,0 days 00:00:00.883519,False,0.24883361672022838,0.7866573153714733,0.4016484642938277,100,COMPLETE
195,0.8728850382740088,2026-08-09 21:26:49.952728,2026-08-09 21:26:50.740697,0 days 00:00:00.787969,False,0.03769327363674327,0.7084794846920424,0.2996832901447627,100,COMPLETE
196,0.8358837946961466,2026-08-09 21:26:50.803671,2026-08-09 21:26:51.621053,0 days 00:00:00.817382,False,0.1284338356911988,0.7797766120083905,0.2636370871175163,100,COMPLETE
197,0.844170688233658,2026-08-09 21:26:51.731463,2026-08-09 21:26:52.493011,0 days 00:00:00.761548,False,0.1087569251515085,0.7141141786357831,0.29782948863645264,100,COMPLETE
198,0.8616213411432185,2026-08-09 21:26:52.571706,2026-08-09 21:26:53.311646,0 days 00:00:00.739940,True,0.08323197671047497,0.6967904565480363,0.2792969870688708,100,COMPLETE
199,0.8376588804805675,2026-08-09 21:26:53.377273,2026-08-09 21:26:54.195184,0 days 00:00:00.817911,False,0.42078311523934164,0.7253578984765717,0.3405009781764454,100,COMPLETE
