number,value,datetime_start,datetime_complete,duration,params_bootstrap,params_contamination,params_max_features,params_max_samples,params_n_estimators,state
0,0.8564156269216521,2026-08-09 21:22:36.722778,2026-08-09 21:22:40.506085,0 days 00:00:03.783307,False,0.38398623012183963,0.536628194041868,0.3564153687048641,600,COMPLETE
1,0.8548681021654719,2026-08-09 21:22:40.566553,2026-08-09 21:22:45.320369,0 days 00:00:04.753816,False,0.36924042442680854,0.8840999889044912,0.8640145968533398,500,COMPLETE
2,0.8574991736506181,2026-08-09 21:22:45.386039,2026-08-09 21:22:46.251003,0 days 00:00:00.864964,False,0.1353982885353253,0.8053361369288301,0.4687020335420059,100,COMPLETE
3,0.8523853370071061,2026-08-09 21:22:46.329613,2026-08-09 21:22:50.156288,0 days 00:00:03.826675,False,0.4625689464137566,0.500031747877314,0.8282380780907392,600,COMPLETE
4,0.8495062235022496,2026-08-09 21:22:50.219042,2026-08-09 21:22:52.927310,0 days 00:00:02.708268,True,0.23839494222218316,0.8669033287950063,0.6963166032152694,300,COMPLETE
5,0.8528840653645479,2026-08-09 21:22:53.005643,2026-08-09 21:22:53.840190,0 days 00:00:00.834547,False,0.3324791783025361,0.7393218515259193,0.6779355150186597,100,COMPLETE
6,0.8521117748238474,2026-08-09 21:22:53.903133,2026-08-09 21:22:56.273285,0 days 00:00:02.370152,False,0.17160719491678636,0.7139365002775724,0.7797830873718581,300,COMPLETE
7,0.8491186063945098,2026-08-09 21:22:56.336444,2026-08-09 21:22:57.755359,0 days 00:00:01.418915,False,0.4855524407145187,0.5568706017148065,0.9864273686941608,200,COMPLETE
8,0.8497374267043689,2026-08-09 21:22:57.818085,2026-08-09 21:22:59.801603,0 days 00:00:01.983518,False,0.08987234528249519,0.9017654921799765,0.8717824139030287,200,COMPLETE
9,0.8445630950495123,2026-08-09 21:22:59.864269,2026-08-09 21:23:04.161149,0 days 00:00:04.296880,False,0.33026349906138686,0.6798109074445572,0.13411324946807668,600,COMPLETE
10,0.8603195383918805,2026-08-09 21:23:04.239808,2026-08-09 21:23:07.513001,0 days 00:00:03.273193,True,0.01088898238999464,0.793723922615648,0.46534561797971163,400,COMPLETE
11,0.8572865056210467,2026-08-09 21:23:07.602196,2026-08-09 21:23:10.899646,0 days 00:00:03.297450,True,0.015369434456364864,0.7914242850510834,0.4606615751003687,400,COMPLETE
12,0.8504291403845987,2026-08-09 21:23:10.962295,2026-08-09 21:23:11.955849,0 days 00:00:00.993554,True,0.012480669505458328,0.9951904757103547,0.481259171652329,100,COMPLETE
13,0.8575340736592248,2026-08-09 21:23:12.018604,2026-08-09 21:23:14.710233,0 days 00:00:02.691629,True,0.12354744985390706,0.6303737695253201,0.27331339975393776,400,COMPLETE
14,0.8558342262064389,2026-08-09 21:23:14.773309,2026-08-09 21:23:17.418976,0 days 00:00:02.645667,True,0.08741410129495873,0.6306723048091473,0.23151885121046792,400,COMPLETE
15,0.8549218865961764,2026-08-09 21:23:17.497562,2026-08-09 21:23:20.165250,0 days 00:00:02.667688,True,0.20959338350236145,0.6217170639537095,0.3164887938486128,400,COMPLETE
16,0.8506092533668279,2026-08-09 21:23:20.228264,2026-08-09 21:23:23.718506,0 days 00:00:03.490242,True,0.09793780241497017,0.6326349491726826,0.5903935162906295,500,COMPLETE
17,0.8507698582670487,2026-08-09 21:23:23.798503,2026-08-09 21:23:27.684835,0 days 00:00:03.886332,True,0.04889143641240864,0.7922001038671282,0.10567311192443773,500,COMPLETE
18,0.8482518687969227,2026-08-09 21:23:27.797382,2026-08-09 21:23:30.576331,0 days 00:00:02.778949,True,0.24409226940198397,0.9573804373600965,0.30842990200214593,300,COMPLETE
19,0.8513930691426796,2026-08-09 21:23:30.654617,2026-08-09 21:23:33.290400,0 days 00:00:02.635783,True,0.16405760909072764,0.583478820563204,0.5869958242077448,400,COMPLETE
20,0.8546195362714367,2026-08-09 21:23:33.353020,2026-08-09 21:23:37.025034,0 days 00:00:03.672014,True,0.05691321535518859,0.6921452570306129,0.393902266442828,500,COMPLETE
21,0.8599147082706036,2026-08-09 21:23:37.088098,2026-08-09 21:23:38.787042,0 days 00:00:01.698944,True,0.14223291925934994,0.8047443542597656,0.46843500970963314,200,COMPLETE
22,0.84943465229089,2026-08-09 21:23:38.850735,2026-08-09 21:23:40.384792,0 days 00:00:01.534057,True,0.13273074880389804,0.7572956361950263,0.2317477580344441,200,COMPLETE
23,0.8528129182419277,2026-08-09 21:23:40.448905,2026-08-09 21:23:43.108827,0 days 00:00:02.659922,True,0.1971130087028966,0.8573422201051323,0.560955062996576,300,COMPLETE
24,0.8425328076296059,2026-08-09 21:23:43.187110,2026-08-09 21:23:44.850806,0 days 00:00:01.663696,True,0.2799338747857695,0.8223429495720511,0.22997605990888212,200,COMPLETE
25,0.8468089193345798,2026-08-09 21:23:44.913543,2026-08-09 21:23:47.746652,0 days 00:00:02.833109,True,0.1270192027454873,0.6619122532621494,0.4098008839274274,400,COMPLETE
26,0.8569466359160753,2026-08-09 21:23:47.871527,2026-08-09 21:23:50.651587,0 days 00:00:02.780060,True,0.07588708026005159,0.9347534989986166,0.5432418771377169,300,COMPLETE
27,0.8512776671127915,2026-08-09 21:23:50.714360,2026-08-09 21:23:54.686245,0 days 00:00:03.971885,True,0.1671218219553769,0.7497210225735619,0.6628487770760119,500,COMPLETE
28,0.855311698986802,2026-08-09 21:23:54.763268,2026-08-09 21:23:58.105475,0 days 00:00:03.342207,True,0.049153395525088184,0.8366934890806795,0.2918091976447191,400,COMPLETE
29,0.8523562495088678,2026-08-09 21:23:58.183992,2026-08-09 21:24:02.862715,0 days 00:00:04.678723,True,0.12387425950981754,0.7715264244509191,0.3755317967720297,600,COMPLETE
30,0.8506928237948708,2026-08-09 21:24:02.941632,2026-08-09 21:24:04.757003,0 days 00:00:01.815371,True,0.2507532299408612,0.9195605359696881,0.5070333986753447,200,COMPLETE
31,0.8396458609562703,2026-08-09 21:24:04.886882,2026-08-09 21:24:05.733702,0 days 00:00:00.846820,False,0.14235326381074823,0.8185619759659072,0.44354308915075025,100,COMPLETE
32,0.8397903754307932,2026-08-09 21:24:05.812764,2026-08-09 21:24:06.598554,0 days 00:00:00.785790,False,0.11188095611170847,0.72478061882202,0.3631263134653842,100,COMPLETE
33,0.8526588991903646,2026-08-09 21:24:06.677027,2026-08-09 21:24:07.553091,0 days 00:00:00.876064,False,0.20013171938077787,0.7956785323126364,0.6194361034895078,100,COMPLETE
34,0.8536613950773276,2026-08-09 21:24:07.615728,2026-08-09 21:24:08.904099,0 days 00:00:01.288371,False,0.15197512343742722,0.5034246438431909,0.5129981279191643,200,COMPLETE
35,0.8478746293900981,2026-08-09 21:24:08.971001,2026-08-09 21:24:09.820328,0 days 00:00:00.849327,False,0.03247982793084783,0.8451608239320023,0.1946087646469879,100,COMPLETE
36,0.8552671447227769,2026-08-09 21:24:09.931602,2026-08-09 21:24:12.560884,0 days 00:00:02.629282,True,0.06632962899113244,0.8727171061752641,0.4237823811870279,300,COMPLETE
37,0.8595059116722942,2026-08-09 21:24:12.623676,2026-08-09 21:24:13.425665,0 days 00:00:00.801989,False,0.40459110323530606,0.7162228644773534,0.33080264969296724,100,COMPLETE
38,0.8540087985940211,2026-08-09 21:24:13.488416,2026-08-09 21:24:15.488788,0 days 00:00:02.000372,False,0.3788095159987346,0.5858140442904398,0.33154569097857245,300,COMPLETE
39,0.844747049776792,2026-08-09 21:24:15.551417,2026-08-09 21:24:17.024837,0 days 00:00:01.473420,True,0.43285046768265134,0.7124525115668516,0.26363251633469204,200,COMPLETE
40,0.8326139956767895,2026-08-09 21:24:17.103497,2026-08-09 21:24:17.793192,0 days 00:00:00.689695,False,0.3414353809347492,0.6671377056465143,0.18756644072017978,100,COMPLETE
41,0.8549195665813084,2026-08-09 21:24:17.871837,2026-08-09 21:24:18.723201,0 days 00:00:00.851364,False,0.41889860694291453,0.7690939231019024,0.47083197216830447,100,COMPLETE
42,0.8613884665325382,2026-08-09 21:24:18.785836,2026-08-09 21:24:19.650093,0 days 00:00:00.864257,False,0.2968507637278359,0.8141779250716961,0.3721090799618202,100,COMPLETE
43,0.8636560191288968,2026-08-09 21:24:19.710793,2026-08-09 21:24:20.496774,0 days 00:00:00.785981,False,0.2897961450888779,0.7044206610398422,0.35771832735396647,100,COMPLETE
44,0.8490828083156318,2026-08-09 21:24:20.575116,2026-08-09 21:24:21.376106,0 days 00:00:00.800990,False,0.2705198969865026,0.7339936679567085,0.3587267918869545,100,COMPLETE
45,0.8536993135999023,2026-08-09 21:24:21.439218,2026-08-09 21:24:23.024842,0 days 00:00:01.585624,False,0.2999201068337761,0.7008134367421713,0.41387832020796445,200,COMPLETE
46,0.8622470716048891,2026-08-09 21:24:23.103214,2026-08-09 21:24:23.913782,0 days 00:00:00.810568,False,0.3607507261345788,0.7820217217828517,0.33551731005306673,100,COMPLETE
47,0.8497161723746102,2026-08-09 21:24:24.031646,2026-08-09 21:24:24.976109,0 days 00:00:00.944463,False,0.3589088411703152,0.8863689854876684,0.5031281941180019,100,COMPLETE
48,0.8536116519628448,2026-08-09 21:24:25.055871,2026-08-09 21:24:26.794451,0 days 00:00:01.738580,False,0.29639359823014855,0.8100102087998996,0.720304059156563,200,COMPLETE
49,0.8588480003592281,2026-08-09 21:24:26.857116,2026-08-09 21:24:27.768837,0 days 00:00:00.911721,False,0.31874961203487406,0.7810487309257496,0.9654502079083699,100,COMPLETE
50,0.8500549444381384,2026-08-09 21:24:27.831639,2026-08-09 21:24:29.628533,0 days 00:00:01.796894,False,0.2262723149821493,0.8360345762481761,0.45948998301144284,200,COMPLETE
51,0.8374158277401434,2026-08-09 21:24:29.691169,2026-08-09 21:24:30.525374,0 days 00:00:00.834205,False,0.40787564650570984,0.7479707562429363,0.34073528977065154,100,COMPLETE
52,0.859173650618234,2026-08-09 21:24:30.588193,2026-08-09 21:24:31.438556,0 days 00:00:00.850363,False,0.477454961975337,0.8060443947279281,0.37728852433517257,100,COMPLETE
53,0.8477027237722944,2026-08-09 21:24:31.501246,2026-08-09 21:24:32.351896,0 days 00:00:00.850650,False,0.40120994279524497,0.7625838476909652,0.2921872012047754,100,COMPLETE
54,0.8356996403976955,2026-08-09 21:24:32.413901,2026-08-09 21:24:33.251140,0 days 00:00:00.837239,False,0.3744494337782285,0.7269502484165794,0.42738722410721036,100,COMPLETE
55,0.8466603635438351,2026-08-09 21:24:33.314025,2026-08-09 21:24:34.791745,0 days 00:00:01.477720,False,0.3583571887874075,0.6828975836450141,0.33797164874893926,200,COMPLETE
56,0.8679170632104266,2026-08-09 21:24:34.854530,2026-08-09 21:24:35.707428,0 days 00:00:00.852898,False,0.4415504780213543,0.784203992242374,0.26694003475802275,100,COMPLETE
57,0.8555600902560624,2026-08-09 21:24:35.770098,2026-08-09 21:24:37.435914,0 days 00:00:01.665816,False,0.3136293803822696,0.7808347467325544,0.2674199155780238,200,COMPLETE
58,0.8441552713606637,2026-08-09 21:24:37.514254,2026-08-09 21:24:38.397262,0 days 00:00:00.883008,False,0.44589197308179757,0.8553708184107972,0.16000388613277977,100,COMPLETE
59,0.8352328683740813,2026-08-09 21:24:38.459947,2026-08-09 21:24:39.389834,0 days 00:00:00.929887,False,0.48956151491441346,0.8833706963563737,0.2548473072288596,100,COMPLETE
60,0.8558769593835247,2026-08-09 21:24:39.452500,2026-08-09 21:24:41.185613,0 days 00:00:01.733113,True,0.46505411451714496,0.8320292710218851,0.3939260654614391,200,COMPLETE
61,0.8684523629850358,2026-08-09 21:24:41.248540,2026-08-09 21:24:42.115818,0 days 00:00:00.867278,False,0.400666753616953,0.7952694941009625,0.31890259669550863,100,COMPLETE
62,0.8560138652071362,2026-08-09 21:24:42.178918,2026-08-09 21:24:43.028773,0 days 00:00:00.849855,False,0.44452326285004695,0.7913216368313096,0.3164561774983148,100,COMPLETE
63,0.8528871587177054,2026-08-09 21:24:43.108091,2026-08-09 21:24:48.349765,0 days 00:00:05.241674,False,0.38991442984384345,0.8143270127319632,0.5403262301766376,600,COMPLETE
64,0.8497031004628802,2026-08-09 21:24:48.428398,2026-08-09 21:24:49.254149,0 days 00:00:00.825751,False,0.3428553740463856,0.7517041763777819,0.2265746701253983,100,COMPLETE
65,0.8730458427454009,2026-08-09 21:24:49.317168,2026-08-09 21:24:50.168225,0 days 00:00:00.851057,False,0.42457345029164334,0.7845280147879834,0.29852416415189564,100,COMPLETE
66,0.8664218011547686,2026-08-09 21:24:50.247163,2026-08-09 21:24:51.121307,0 days 00:00:00.874144,False,0.4993433610962499,0.7845893536364622,0.28545304182584685,100,COMPLETE
67,0.8614410535362141,2026-08-09 21:24:51.200437,2026-08-09 21:24:52.017791,0 days 00:00:00.817354,False,0.465313702229293,0.7800730077958893,0.2002777513537767,100,COMPLETE
68,0.8545872556344556,2026-08-09 21:24:52.128947,2026-08-09 21:24:52.900257,0 days 00:00:00.771310,False,0.49518817717551095,0.7408857108696122,0.1955938975355358,100,COMPLETE
69,0.8575664291353953,2026-08-09 21:24:52.963386,2026-08-09 21:24:53.781660,0 days 00:00:00.818274,False,0.4646658477260056,0.7788135553282494,0.12367321007756021,100,COMPLETE
70,0.8419856583166921,2026-08-09 21:24:53.844596,2026-08-09 21:24:54.567458,0 days 00:00:00.722862,False,0.4223357832070767,0.6524736172794379,0.1510571346244979,100,COMPLETE
71,0.8549919111309574,2026-08-09 21:24:54.648458,2026-08-09 21:24:55.529517,0 days 00:00:00.881059,False,0.4389279530679418,0.825425453840908,0.29531845512663674,100,COMPLETE
72,0.8511154406968028,2026-08-09 21:24:55.607843,2026-08-09 21:24:56.465915,0 days 00:00:00.858072,False,0.45933527010476316,0.795918856451865,0.24492369925799717,100,COMPLETE
73,0.8521631644004944,2026-08-09 21:24:56.528882,2026-08-09 21:24:57.441993,0 days 00:00:00.913111,False,0.4826183305233777,0.8493539079980477,0.2079911884388716,100,COMPLETE
74,0.853440320112159,2026-08-09 21:24:57.520463,2026-08-09 21:24:58.356900,0 days 00:00:00.836437,False,0.388672458327898,0.7614548117259807,0.2864612031910654,100,COMPLETE
75,0.8728517098883773,2026-08-09 21:24:58.418987,2026-08-09 21:24:59.268986,0 days 00:00:00.849999,False,0.26466520313461234,0.7810675554450793,0.385462335403759,100,COMPLETE
76,0.860035798078878,2026-08-09 21:24:59.347317,2026-08-09 21:25:00.199422,0 days 00:00:00.852105,False,0.49961481961213744,0.7830474476647673,0.31173484714921207,100,COMPLETE
77,0.8667278185997837,2026-08-09 21:25:00.278636,2026-08-09 21:25:01.047339,0 days 00:00:00.768703,False,0.42755975828594783,0.7044669217774399,0.39035388779722174,100,COMPLETE
78,0.863496337245344,2026-08-09 21:25:01.157627,2026-08-09 21:25:01.913715,0 days 00:00:00.756088,False,0.26568972832600724,0.7066971736464268,0.39520051646012677,100,COMPLETE
79,0.8583008510463142,2026-08-09 21:25:01.976385,2026-08-09 21:25:02.756178,0 days 00:00:00.779793,False,0.27452507535757115,0.6986323551532581,0.3949006785910386,100,COMPLETE
80,0.8538303071275597,2026-08-09 21:25:02.834547,2026-08-09 21:25:04.254217,0 days 00:00:01.419670,False,0.2531233504582365,0.6116844618867409,0.44089291559444,200,COMPLETE
81,0.8658335152341406,2026-08-09 21:25:04.332570,2026-08-09 21:25:05.101333,0 days 00:00:00.768763,False,0.22402264585124895,0.7171831070618493,0.3562665216448142,100,COMPLETE
82,0.8426698880779924,2026-08-09 21:25:05.212272,2026-08-09 21:25:05.968786,0 days 00:00:00.756514,False,0.21832773927193339,0.7096184320236013,0.38385260885652595,100,COMPLETE
83,0.8356790346742438,2026-08-09 21:25:06.047470,2026-08-09 21:25:06.807947,0 days 00:00:00.760477,False,0.18151542886414296,0.6793961856488009,0.35397068360402517,100,COMPLETE
84,0.8439856857577279,2026-08-09 21:25:06.882272,2026-08-09 21:25:07.684202,0 days 00:00:00.801930,False,0.23312035324044328,0.7263849341491021,0.2852275229975293,100,COMPLETE
85,0.8412568243985736,2026-08-09 21:25:07.762576,2026-08-09 21:25:08.582860,0 days 00:00:00.820284,False,0.260626820740812,0.7388371079443874,0.35580031271400403,100,COMPLETE
86,0.8516018455344079,2026-08-09 21:25:08.662010,2026-08-09 21:25:09.434051,0 days 00:00:00.772041,False,0.2846690508573299,0.6573262950900247,0.40200520147254776,100,COMPLETE
87,0.8656125650009542,2026-08-09 21:25:09.502568,2026-08-09 21:25:10.291311,0 days 00:00:00.788743,False,0.2398466029117323,0.7031003855567624,0.32274693775206986,100,COMPLETE
88,0.8590749127811615,2026-08-09 21:25:10.354406,2026-08-09 21:25:11.068509,0 days 00:00:00.714103,False,0.4239097100430089,0.647323191628836,0.31489324246809847,100,COMPLETE
89,0.8562217934213858,2026-08-09 21:25:11.132529,2026-08-09 21:25:12.646504,0 days 00:00:01.513975,False,0.19112991169136917,0.6849092160184386,0.24395327425231117,200,COMPLETE
90,0.8583052166656896,2026-08-09 21:25:12.707045,2026-08-09 21:25:13.586714,0 days 00:00:00.879669,False,0.23538477896045393,0.7660423482791369,0.27638168437759847,100,COMPLETE
91,0.8631653235111054,2026-08-09 21:25:13.649876,2026-08-09 21:25:14.456688,0 days 00:00:00.806812,False,0.20978935955459693,0.6925723620329095,0.42776859934363787,100,COMPLETE
92,0.8513211736281665,2026-08-09 21:25:14.535201,2026-08-09 21:25:15.292873,0 days 00:00:00.757672,False,0.2452286015132047,0.6711740744499419,0.35015131825307416,100,COMPLETE
93,0.8632570264643847,2026-08-09 21:25:15.370195,2026-08-09 21:25:16.107633,0 days 00:00:00.737438,False,0.28675469125696823,0.7068118397112163,0.3723584481252082,100,COMPLETE
94,0.8466144871207992,2026-08-09 21:25:16.186638,2026-08-09 21:25:16.976019,0 days 00:00:00.789381,False,0.26191321347384633,0.7296340219218044,0.3107848621475036,100,COMPLETE
95,0.8428649439516838,2026-08-09 21:25:17.054505,2026-08-09 21:25:17.904542,0 days 00:00:00.850037,False,0.45345206883577116,0.7551504173872474,0.489701329296898,100,COMPLETE
96,0.8483003895379803,2026-08-09 21:25:17.982785,2026-08-09 21:25:18.753336,0 days 00:00:00.770551,False,0.4322504495977366,0.7135866821918397,0.3279256721239193,100,COMPLETE
97,0.8618672128264392,2026-08-09 21:25:18.831682,2026-08-09 21:25:19.651267,0 days 00:00:00.819585,False,0.41480734373091,0.7441542731352723,0.4531356216048591,100,COMPLETE
98,0.8623308166577067,2026-08-09 21:25:19.730005,2026-08-09 21:25:20.588305,0 days 00:00:00.858300,False,0.31044574566689226,0.7939911894354578,0.40935330962523037,100,COMPLETE
99,0.8560913237680534,2026-08-09 21:25:20.651730,2026-08-09 21:25:21.454110,0 days 00:00:00.802380,False,0.21656903161594487,0.7230420613965004,0.2644896679650742,100,COMPLETE
100,0.8617350967109424,2026-08-09 21:25:21.516792,2026-08-09 21:25:23.200045,0 days 00:00:01.683253,False,0.47629854318880605,0.8034978700361065,0.37067246228742745,200,COMPLETE
101,0.8624943402863098,2026-08-09 21:25:23.313021,2026-08-09 21:25:24.052623,0 days 00:00:00.739602,False,0.2834246810081869,0.7052850034387508,0.3682441588390872,100,COMPLETE
102,0.8473935381349326,2026-08-09 21:25:24.130936,2026-08-09 21:25:24.885649,0 days 00:00:00.754713,False,0.32644546857284296,0.67521349791177,0.3012588314060367,100,COMPLETE
103,0.8550319251508322,2026-08-09 21:25:24.963976,2026-08-09 21:25:25.729465,0 days 00:00:00.765489,False,0.2601212680695449,0.6993982742584035,0.38706025868562777,100,COMPLETE
104,0.8487798592773778,2026-08-09 21:25:25.807783,2026-08-09 21:25:26.641410,0 days 00:00:00.833627,False,0.39739974079523144,0.7686107775818107,0.33068656614918535,100,COMPLETE
105,0.8629661265356066,2026-08-09 21:25:26.704329,2026-08-09 21:25:27.509314,0 days 00:00:00.804985,False,0.2688868682381543,0.6925797003884289,0.3463097786423731,100,COMPLETE
106,0.8574110879248216,2026-08-09 21:25:27.571651,2026-08-09 21:25:28.326621,0 days 00:00:00.754970,False,0.30127804499352107,0.6395833806208452,0.4357243452846452,100,COMPLETE
107,0.8441376093119908,2026-08-09 21:25:28.405085,2026-08-09 21:25:29.162072,0 days 00:00:00.756987,False,0.28968097941918836,0.7365953548223817,0.22016900525322736,100,COMPLETE
108,0.8486952909934777,2026-08-09 21:25:29.240398,2026-08-09 21:25:30.010774,0 days 00:00:00.770376,False,0.2469845935682364,0.6671606279481346,0.4081101831954889,100,COMPLETE
109,0.8555088503577938,2026-08-09 21:25:30.073661,2026-08-09 21:25:30.877713,0 days 00:00:00.804052,False,0.36609767336475757,0.7171558404758546,0.25240077106773645,100,COMPLETE
110,0.8518533301568254,2026-08-09 21:25:30.940412,2026-08-09 21:25:31.774239,0 days 00:00:00.833827,False,0.34597367611161445,0.7528355918662851,0.3260102659689709,100,COMPLETE
111,0.8602533805485463,2026-08-09 21:25:31.852570,2026-08-09 21:25:32.642122,0 days 00:00:00.789552,False,0.2028885510949446,0.6929360930797357,0.42039569319249465,100,COMPLETE
112,0.8520315971057191,2026-08-09 21:25:32.720616,2026-08-09 21:25:33.483651,0 days 00:00:00.763035,False,0.21556281221072804,0.6852551215449381,0.38447598327577814,100,COMPLETE
113,0.8646475136550337,2026-08-09 21:25:33.562068,2026-08-09 21:25:34.324113,0 days 00:00:00.762045,False,0.18298698154060905,0.7053699551266701,0.36342383013168794,100,COMPLETE
114,0.8640181909122773,2026-08-09 21:25:34.419994,2026-08-09 21:25:35.160702,0 days 00:00:00.740708,False,0.2310985449372052,0.7070716256892441,0.366702709174079,100,COMPLETE
115,0.8617008203622467,2026-08-09 21:25:35.239352,2026-08-09 21:25:36.026042,0 days 00:00:00.786690,False,0.17440912990751123,0.7146589423331438,0.30319019642263684,100,COMPLETE
116,0.8546696785282624,2026-08-09 21:25:36.088914,2026-08-09 21:25:36.875920,0 days 00:00:00.787006,False,0.18981349896714214,0.7228307869668056,0.34891497484115236,100,COMPLETE
117,0.8366991676634832,2026-08-09 21:25:36.954269,2026-08-09 21:25:37.962774,0 days 00:00:01.008505,False,0.2300466668461947,0.9857335392118458,0.268476193949337,100,COMPLETE
118,0.8650634948155151,2026-08-09 21:25:38.025412,2026-08-09 21:25:38.892467,0 days 00:00:00.867055,False,0.15302647323196716,0.8015143089372093,0.2832630597580957,100,COMPLETE
119,0.8553372191503508,2026-08-09 21:25:38.970777,2026-08-09 21:25:39.853024,0 days 00:00:00.882247,False,0.1062247316957445,0.8158908957305495,0.28503144029385336,100,COMPLETE
120,0.8598511697988946,2026-08-09 21:25:39.915680,2026-08-09 21:25:40.781236,0 days 00:00:00.865556,False,0.14848376477255465,0.8016105139067549,0.24219040686991677,100,COMPLETE
121,0.8430567817402356,2026-08-09 21:25:40.859788,2026-08-09 21:25:41.697095,0 days 00:00:00.837307,False,0.164787267884137,0.7741209304045917,0.3186112847531755,100,COMPLETE
122,0.8558972158574263,2026-08-09 21:25:41.760527,2026-08-09 21:25:42.624941,0 days 00:00:00.864414,False,0.2227975705492695,0.792751218111257,0.3598313815870955,100,COMPLETE
