number,value,datetime_start,datetime_complete,duration,params_bootstrap,params_contamination,params_max_features,params_max_samples,params_n_estimators,state
0,0.8022219864378939,2026-08-31 21:09:25.323924,2026-08-31 21:09:26.267650,0 days 00:00:00.943726,True,0.457771400966063,0.966553221140785,0.4067639890203715,300,COMPLETE
1,0.7960755834413409,2026-08-31 21:09:26.346860,2026-08-31 21:09:26.831913,0 days 00:00:00.485053,False,0.39472393473368367,0.5447721105234987,0.5582074999686456,200,COMPLETE
2,0.8004950512283497,2026-08-31 21:09:26.911310,2026-08-31 21:09:28.317568,0 days 00:00:01.406258,False,0.27705326634679056,0.622684413795151,0.609488257740724,500,COMPLETE
3,0.8135268695498313,2026-08-31 21:09:28.384028,2026-08-31 21:09:29.412807,0 days 00:00:01.028779,False,0.31616264948929307,0.977109372355529,0.7457417492186885,300,COMPLETE
4,0.7949901094192324,2026-08-31 21:09:29.475895,2026-08-31 21:09:30.101367,0 days 00:00:00.625472,True,0.4619108580509394,0.8550651602990149,0.9844301217415692,200,COMPLETE
5,0.7879157218686046,2026-08-31 21:09:30.180023,2026-08-31 21:09:30.667224,0 days 00:00:00.487201,False,0.10084813565750601,0.551286129326928,0.3413753380948246,200,COMPLETE
6,0.7935526490848583,2026-08-31 21:09:30.745668,2026-08-31 21:09:31.249962,0 days 00:00:00.504294,False,0.3603154487751809,0.5405766371878715,0.3973006688051278,200,COMPLETE
7,0.799064477747215,2026-08-31 21:09:31.329410,2026-08-31 21:09:31.849632,0 days 00:00:00.520222,True,0.08700980529091541,0.6714368485600872,0.433574072092035,200,COMPLETE
8,0.80460067527488,2026-08-31 21:09:31.912446,2026-08-31 21:09:32.890624,0 days 00:00:00.978178,False,0.17612921621304822,0.9899088476508899,0.9967978283913689,300,COMPLETE
9,0.8231587770825505,2026-08-31 21:09:32.953953,2026-08-31 21:09:33.316790,0 days 00:00:00.362837,False,0.38021964850567974,0.9270607658102566,0.3748164753439397,100,COMPLETE
10,0.7874047324941866,2026-08-31 21:09:33.380055,2026-08-31 21:09:34.951665,0 days 00:00:01.571610,True,0.21218744733318431,0.789800134379397,0.1356072060983924,600,COMPLETE
11,0.8024773297656911,2026-08-31 21:09:35.031024,2026-08-31 21:09:36.344565,0 days 00:00:01.313541,False,0.28459483904179783,0.8842644030125154,0.7635851766283205,400,COMPLETE
12,0.7608518265524065,2026-08-31 21:09:36.407793,2026-08-31 21:09:36.724961,0 days 00:00:00.317168,False,0.33741238305994775,0.8974877237633435,0.1285012158694912,100,COMPLETE
13,0.7959315649609621,2026-08-31 21:09:36.800610,2026-08-31 21:09:37.122368,0 days 00:00:00.321758,False,0.4088802523106602,0.7860839525480103,0.7549027054327331,100,COMPLETE
14,0.7960591609451548,2026-08-31 21:09:37.214059,2026-08-31 21:09:38.565773,0 days 00:00:01.351714,False,0.29994416803625584,0.9352981347287471,0.8146581565736519,400,COMPLETE
15,0.7950637457730992,2026-08-31 21:09:38.629098,2026-08-31 21:09:39.826634,0 days 00:00:01.197536,False,0.019657086401708074,0.8141347340147611,0.2646481625711053,400,COMPLETE
16,0.8083658163244456,2026-08-31 21:09:39.905596,2026-08-31 21:09:40.236070,0 days 00:00:00.330474,False,0.22076889805397354,0.71859816100866,0.5529753905240269,100,COMPLETE
17,0.8110575921048511,2026-08-31 21:09:40.315220,2026-08-31 21:09:41.353344,0 days 00:00:01.038124,False,0.4015197589123969,0.9980778759374622,0.6588105662233227,300,COMPLETE
18,0.7935338048380826,2026-08-31 21:09:41.432565,2026-08-31 21:09:43.192660,0 days 00:00:01.760095,True,0.33055842887403675,0.9283593718554894,0.25485371306784277,600,COMPLETE
19,0.8026462468693198,2026-08-31 21:09:43.304812,2026-08-31 21:09:44.878210,0 days 00:00:01.573398,False,0.24577851832701475,0.8495327197090725,0.8298025603192608,500,COMPLETE
20,0.8144635572700877,2026-08-31 21:09:44.958341,2026-08-31 21:09:45.918055,0 days 00:00:00.959714,False,0.47995649126034373,0.921013132588068,0.4879833447519789,300,COMPLETE
21,0.7956881790267014,2026-08-31 21:09:45.981753,2026-08-31 21:09:46.971509,0 days 00:00:00.989756,False,0.4842668447767632,0.9295417550793448,0.4951107456248934,300,COMPLETE
22,0.7932000573349451,2026-08-31 21:09:47.034649,2026-08-31 21:09:48.359891,0 days 00:00:01.325242,False,0.4323004088869565,0.9531189803405091,0.2779145199764402,400,COMPLETE
23,0.8026341381163714,2026-08-31 21:09:48.423556,2026-08-31 21:09:49.416538,0 days 00:00:00.992982,False,0.49056960307868647,0.8825499807919859,0.6772718067064064,300,COMPLETE
24,0.8047571809067368,2026-08-31 21:09:49.480589,2026-08-31 21:09:51.113120,0 days 00:00:01.632531,False,0.36397851135950854,0.9111341275755165,0.4861293366118097,500,COMPLETE
25,0.7685552638186981,2026-08-31 21:09:51.191402,2026-08-31 21:09:51.525382,0 days 00:00:00.333980,False,0.43737583141524367,0.8453147804822596,0.21198425020693235,100,COMPLETE
26,0.8045596568742677,2026-08-31 21:09:51.606638,2026-08-31 21:09:52.231279,0 days 00:00:00.624641,True,0.37807766564628625,0.9692395081381342,0.9275282317114613,200,COMPLETE
27,0.8092389330917233,2026-08-31 21:09:52.294567,2026-08-31 21:09:53.184190,0 days 00:00:00.889623,False,0.3241166648133591,0.7625880093554499,0.32914907897716333,300,COMPLETE
28,0.7979864960159933,2026-08-31 21:09:53.255313,2026-08-31 21:09:54.611105,0 days 00:00:01.355792,False,0.4965182582807364,0.9981269402758935,0.5016821622346236,400,COMPLETE
29,0.7854591586142198,2026-08-31 21:09:54.690479,2026-08-31 21:09:55.002640,0 days 00:00:00.312161,True,0.4431956722835337,0.9590616069691085,0.399938900205241,100,COMPLETE
30,0.8034468624783196,2026-08-31 21:09:55.065819,2026-08-31 21:09:56.025262,0 days 00:00:00.959443,False,0.1695346354366973,0.8780982820960304,0.6752695262188286,300,COMPLETE
31,0.8088035477435264,2026-08-31 21:09:56.088611,2026-08-31 21:09:57.136283,0 days 00:00:01.047672,False,0.39594184335307303,0.9969687056146658,0.6419101514256403,300,COMPLETE
32,0.7991636181619791,2026-08-31 21:09:57.199704,2026-08-31 21:09:57.879886,0 days 00:00:00.680182,False,0.4180406723636967,0.9697984621311583,0.5767758782656296,200,COMPLETE
33,0.8176401372466602,2026-08-31 21:09:57.943671,2026-08-31 21:09:58.949412,0 days 00:00:01.005741,False,0.38710693857223855,0.9201962312313292,0.7247587161629276,300,COMPLETE
34,0.8128803378220986,2026-08-31 21:09:59.028641,2026-08-31 21:10:00.332284,0 days 00:00:01.303643,False,0.4690136052313162,0.910713107144878,0.8789132038158612,400,COMPLETE
35,0.8011715521196296,2026-08-31 21:10:00.395627,2026-08-31 21:10:02.097712,0 days 00:00:01.702085,False,0.30619310225356383,0.943948027658311,0.7293539275084328,500,COMPLETE
36,0.7884724217854022,2026-08-31 21:10:02.176947,2026-08-31 21:10:02.819447,0 days 00:00:00.642500,False,0.3605981031420594,0.8253609191834859,0.35288321113126314,200,COMPLETE
37,0.8017116025011234,2026-08-31 21:10:02.898604,2026-08-31 21:10:03.529288,0 days 00:00:00.630684,True,0.46207489606586755,0.8645207544938217,0.6030683627914817,200,COMPLETE
38,0.8004148307400673,2026-08-31 21:10:03.609114,2026-08-31 21:10:04.409706,0 days 00:00:00.800592,False,0.2573887651217499,0.585370239076348,0.44997314802064775,300,COMPLETE
39,0.793801256918828,2026-08-31 21:10:04.488890,2026-08-31 21:10:05.135880,0 days 00:00:00.646990,False,0.38222850452766577,0.9081452660286519,0.5420831447573258,200,COMPLETE
40,0.8089124508403551,2026-08-31 21:10:05.215024,2026-08-31 21:10:06.487655,0 days 00:00:01.272631,True,0.34654845823485125,0.964189320350451,0.7225577906713114,400,COMPLETE
41,0.8101562468072624,2026-08-31 21:10:06.598250,2026-08-31 21:10:07.924012,0 days 00:00:01.325762,False,0.4562271808353699,0.9143225330375843,0.9242273231605771,400,COMPLETE
42,0.8090330842916025,2026-08-31 21:10:07.987374,2026-08-31 21:10:09.609484,0 days 00:00:01.622110,False,0.46812615050463363,0.8971115477239917,0.8426925076011686,500,COMPLETE
43,0.8002946513670555,2026-08-31 21:10:09.715010,2026-08-31 21:10:11.034147,0 days 00:00:01.319137,False,0.4222429711898198,0.9302733869994452,0.9458038824256183,400,COMPLETE
44,0.8084622322697963,2026-08-31 21:10:11.113378,2026-08-31 21:10:11.864780,0 days 00:00:00.751402,False,0.37247262499278894,0.5137676308996124,0.8939123620967567,300,COMPLETE
45,0.805530476141897,2026-08-31 21:10:11.944119,2026-08-31 21:10:13.223255,0 days 00:00:01.279136,False,0.47292668867196697,0.8664536168531376,0.7946195444112162,400,COMPLETE
46,0.8052401687899617,2026-08-31 21:10:13.286435,2026-08-31 21:10:13.944269,0 days 00:00:00.657834,False,0.3049616083142947,0.8331120417550242,0.8508364451123758,200,COMPLETE
47,0.7880499776669188,2026-08-31 21:10:14.023484,2026-08-31 21:10:14.956588,0 days 00:00:00.933104,False,0.3956761659497002,0.8036733737211059,0.8720651935900323,300,COMPLETE
48,0.8201477086228397,2026-08-31 21:10:15.029919,2026-08-31 21:10:16.053358,0 days 00:00:01.023439,False,0.2771894784871795,0.9789160306867791,0.7803856674553681,300,COMPLETE
49,0.8142028406831698,2026-08-31 21:10:16.132495,2026-08-31 21:10:17.172411,0 days 00:00:01.039916,False,0.2852456808161688,0.9749363560282944,0.7176811868091416,300,COMPLETE
50,0.8123455850200195,2026-08-31 21:10:17.235793,2026-08-31 21:10:18.273643,0 days 00:00:01.037850,False,0.2803661969900398,0.9764145503846076,0.7720683831026467,300,COMPLETE
51,0.7988671050741578,2026-08-31 21:10:18.352850,2026-08-31 21:10:19.361395,0 days 00:00:01.008545,False,0.24860964373182362,0.9467233082937015,0.717269648428646,300,COMPLETE
52,0.8120595157316162,2026-08-31 21:10:19.424725,2026-08-31 21:10:20.448159,0 days 00:00:01.023434,False,0.21935608628480788,0.9844527183525617,0.6309747604035989,300,COMPLETE
53,0.8022605830879167,2026-08-31 21:10:20.511443,2026-08-31 21:10:21.517525,0 days 00:00:01.006082,False,0.32008181588753004,0.9440216647500105,0.6965941874879186,300,COMPLETE
54,0.8055092858242375,2026-08-31 21:10:21.580956,2026-08-31 21:10:22.244821,0 days 00:00:00.663865,False,0.27008206719398964,0.8915744083143882,0.7526642730749127,200,COMPLETE
55,0.8160794703510372,2026-08-31 21:10:22.324018,2026-08-31 21:10:23.362422,0 days 00:00:01.038404,False,0.16980818721460766,0.9803376554241742,0.7790270139261,300,COMPLETE
56,0.8013853472888729,2026-08-31 21:10:23.436203,2026-08-31 21:10:24.433260,0 days 00:00:00.997057,False,0.19399997600386543,0.9269561535160036,0.8000464497232277,300,COMPLETE
57,0.8043539594335586,2026-08-31 21:10:24.508241,2026-08-31 21:10:24.841495,0 days 00:00:00.333254,True,0.10220929722702077,0.9800886972536635,0.4296671011509785,100,COMPLETE
58,0.7986101724725363,2026-08-31 21:10:24.937279,2026-08-31 21:10:26.951734,0 days 00:00:02.014455,False,0.10976429503869747,0.9545308706781143,0.7839820584455935,600,COMPLETE
59,0.8005298638930761,2026-08-31 21:10:27.014882,2026-08-31 21:10:28.022008,0 days 00:00:01.007126,False,0.14925435380077162,0.9273049838939164,0.33787403367729407,300,COMPLETE
60,0.8048891663138731,2026-08-31 21:10:28.085808,2026-08-31 21:10:28.740447,0 days 00:00:00.654639,False,0.12545643074183518,0.9824270657265897,0.20201258477965733,200,COMPLETE
61,0.7896714910461069,2026-08-31 21:10:28.807050,2026-08-31 21:10:29.815071,0 days 00:00:01.008021,False,0.04133168773300128,0.9596141523366294,0.7538559193536127,300,COMPLETE
62,0.8071232312328329,2026-08-31 21:10:29.926673,2026-08-31 21:10:30.980805,0 days 00:00:01.054132,False,0.34793492600007364,0.9992392433949838,0.8159790509309296,300,COMPLETE
63,0.8013329769323715,2026-08-31 21:10:31.045239,2026-08-31 21:10:31.916237,0 days 00:00:00.870998,False,0.2905418596340178,0.6453220671971056,0.6943711294073205,300,COMPLETE
64,0.8084095591944713,2026-08-31 21:10:32.003968,2026-08-31 21:10:33.361316,0 days 00:00:01.357348,False,0.2348515186937592,0.9427426168084482,0.6095967941632113,400,COMPLETE
65,0.8139493893480207,2026-08-31 21:10:33.425102,2026-08-31 21:10:34.432717,0 days 00:00:01.007615,False,0.26547850888808233,0.9179308383834688,0.5350779829725691,300,COMPLETE
66,0.8139384914703675,2026-08-31 21:10:34.496160,2026-08-31 21:10:35.486366,0 days 00:00:00.990206,False,0.20305754659979053,0.9166619440192372,0.5298928367773887,300,COMPLETE
67,0.7830402838533865,2026-08-31 21:10:35.565959,2026-08-31 21:10:36.223914,0 days 00:00:00.657955,False,0.27018440928945847,0.8743440800308522,0.3770233811889022,200,COMPLETE
68,0.8030996439875273,2026-08-31 21:10:36.303768,2026-08-31 21:10:37.203916,0 days 00:00:00.900148,True,0.33568548646310914,0.9053176782136075,0.45362775997301713,300,COMPLETE
69,0.7899851834271736,2026-08-31 21:10:37.279412,2026-08-31 21:10:37.596946,0 days 00:00:00.317534,False,0.16175269980058843,0.8874325540679521,0.5020535280194213,100,COMPLETE
70,0.7980844255554627,2026-08-31 21:10:37.660668,2026-08-31 21:10:38.948929,0 days 00:00:01.288261,False,0.1814452837593104,0.9662270554506778,0.29255382911644956,400,COMPLETE
71,0.7986592886016826,2026-08-31 21:10:39.012334,2026-08-31 21:10:39.989154,0 days 00:00:00.976820,False,0.19538783399967616,0.9247775103825275,0.5197823114636962,300,COMPLETE
72,0.8109340071450725,2026-08-31 21:10:40.114062,2026-08-31 21:10:41.105787,0 days 00:00:00.991725,False,0.2089013035908912,0.9179180959994989,0.571713445871058,300,COMPLETE
73,0.8035927729513466,2026-08-31 21:10:41.169585,2026-08-31 21:10:42.178380,0 days 00:00:01.008795,False,0.13687023895720254,0.9385861495608128,0.4738312383882828,300,COMPLETE
74,0.8060959549045823,2026-08-31 21:10:42.273907,2026-08-31 21:10:43.248597,0 days 00:00:00.974690,False,0.23274672916514075,0.8560976558994957,0.532029862555107,300,COMPLETE
75,0.8107164279905328,2026-08-31 21:10:43.327780,2026-08-31 21:10:43.973879,0 days 00:00:00.646099,False,0.28985629583631933,0.8925994440566282,0.5961169769145276,200,COMPLETE
76,0.7999354754827267,2026-08-31 21:10:44.037100,2026-08-31 21:10:45.027246,0 days 00:00:00.990146,False,0.257421188217499,0.9546942612051581,0.41660890972578707,300,COMPLETE
77,0.7943367665179661,2026-08-31 21:10:45.160997,2026-08-31 21:10:46.459076,0 days 00:00:01.298079,False,0.2325134185373816,0.9033239577487248,0.3723531041599444,400,COMPLETE
78,0.800725420253191,2026-08-31 21:10:46.522173,2026-08-31 21:10:47.546105,0 days 00:00:01.023932,False,0.07551712460546314,0.9721006616163221,0.6587821132162657,300,COMPLETE
79,0.796775620721164,2026-08-31 21:10:47.625352,2026-08-31 21:10:48.193039,0 days 00:00:00.567687,True,0.20235457506449117,0.7279685449725022,0.5590312117658008,200,COMPLETE
80,0.803554024941912,2026-08-31 21:10:48.256743,2026-08-31 21:10:49.282247,0 days 00:00:01.025504,False,0.31211991764146885,0.986408255078418,0.30571527773646207,300,COMPLETE
81,0.8010329068983717,2026-08-31 21:10:49.359952,2026-08-31 21:10:50.370078,0 days 00:00:01.010126,False,0.34966184663041283,0.9385217818262486,0.7098687543478134,300,COMPLETE
82,0.81534235001531,2026-08-31 21:10:50.447643,2026-08-31 21:10:51.436892,0 days 00:00:00.989249,False,0.41238741301982096,0.9147371049824153,0.739930242708034,300,COMPLETE
83,0.8009969590380563,2026-08-31 21:10:51.516424,2026-08-31 21:10:52.523853,0 days 00:00:01.007429,False,0.38301951154312075,0.9245063406639756,0.7444882815302007,300,COMPLETE
84,0.8090109101377658,2026-08-31 21:10:52.598322,2026-08-31 21:10:53.914090,0 days 00:00:01.315768,False,0.40746565548877955,0.9158931752548747,0.7748222543793196,400,COMPLETE
85,0.7967899241855843,2026-08-31 21:10:53.993236,2026-08-31 21:10:55.001358,0 days 00:00:01.008122,False,0.42355409168182767,0.949202826935794,0.6398451616535585,300,COMPLETE
86,0.7997947112297029,2026-08-31 21:10:55.080528,2026-08-31 21:10:56.056932,0 days 00:00:00.976404,False,0.438049223317092,0.8982838640199109,0.6721325311712131,300,COMPLETE
87,0.8121753056816843,2026-08-31 21:10:56.136232,2026-08-31 21:10:56.814316,0 days 00:00:00.678084,False,0.4991789194225018,0.9672401451238184,0.822846274955303,200,COMPLETE
88,0.8108085301926458,2026-08-31 21:10:56.875262,2026-08-31 21:10:57.870428,0 days 00:00:00.995166,False,0.3717963486148369,0.876700247466139,0.7358100141022179,300,COMPLETE
89,0.7909856691395263,2026-08-31 21:10:57.943643,2026-08-31 21:10:59.309873,0 days 00:00:01.366230,False,0.4548146860437484,0.9895384231148779,0.8502839291787696,400,COMPLETE
90,0.7927408328793812,2026-08-31 21:10:59.422088,2026-08-31 21:11:00.380464,0 days 00:00:00.958376,False,0.4802613404257411,0.8406750040377107,0.6935501588586067,300,COMPLETE
91,0.8009025107650597,2026-08-31 21:11:00.459692,2026-08-31 21:11:01.477260,0 days 00:00:01.017568,False,0.32499026683211807,0.9351135325243719,0.8036200920690032,300,COMPLETE
92,0.7952535504755637,2026-08-31 21:11:01.544403,2026-08-31 21:11:02.522073,0 days 00:00:00.977670,False,0.2993877872640881,0.9577089669859048,0.23977073122440368,300,COMPLETE
93,0.8112070595240564,2026-08-31 21:11:02.601044,2026-08-31 21:11:03.638499,0 days 00:00:01.037455,False,0.38932307606092464,0.9743912315545794,0.7635777956941084,300,COMPLETE
94,0.8133826240303349,2026-08-31 21:11:03.719305,2026-08-31 21:11:04.702715,0 days 00:00:00.983410,False,0.4486861928544653,0.9148512694522982,0.4648868809976506,300,COMPLETE
95,0.8067606497617376,2026-08-31 21:11:04.778735,2026-08-31 21:11:06.274813,0 days 00:00:01.496078,True,0.2735699473450576,0.8667406672123824,0.6189493414086059,500,COMPLETE
96,0.7926097556287159,2026-08-31 21:11:06.358014,2026-08-31 21:11:07.038970,0 days 00:00:00.680956,False,0.25649267621211064,0.9932941627107289,0.5144538720769306,200,COMPLETE
97,0.8097234345690669,2026-08-31 21:11:07.102157,2026-08-31 21:11:08.140379,0 days 00:00:01.038222,False,0.3615947851632295,0.9480446053287779,0.7914135183944488,300,COMPLETE
98,0.8099009034794653,2026-08-31 21:11:08.203471,2026-08-31 21:11:09.218353,0 days 00:00:01.014882,False,0.17983074563324258,0.9351475683749971,0.6552058761338508,300,COMPLETE
99,0.8013538645312073,2026-08-31 21:11:09.281446,2026-08-31 21:11:09.659007,0 days 00:00:00.377561,False,0.40413974175303063,0.9782114734035906,0.7180303961946927,100,COMPLETE
100,0.795917261496542,2026-08-31 21:11:09.737889,2026-08-31 21:11:10.776275,0 days 00:00:01.038386,False,0.31671704179559684,0.9610863962491614,0.6835240943116749,300,COMPLETE
101,0.8136191987910621,2026-08-31 21:11:10.855529,2026-08-31 21:11:11.841150,0 days 00:00:00.985621,False,0.4180128133150399,0.9166775508630676,0.4707828762019142,300,COMPLETE
102,0.7983428717512027,2026-08-31 21:11:11.904505,2026-08-31 21:11:12.894342,0 days 00:00:00.989837,False,0.42019222554495705,0.9037861279918482,0.4344758494330254,300,COMPLETE
103,0.7991830678464023,2026-08-31 21:11:12.974637,2026-08-31 21:11:13.941153,0 days 00:00:00.966516,False,0.4292036701804619,0.8845198063056486,0.48948507911983985,300,COMPLETE
104,0.8134813860465693,2026-08-31 21:11:14.020407,2026-08-31 21:11:15.029268,0 days 00:00:01.008861,False,0.41358079773157685,0.9146486199563932,0.5913371009701973,300,COMPLETE
105,0.7994365948612572,2026-08-31 21:11:15.092674,2026-08-31 21:11:16.100344,0 days 00:00:01.007670,False,0.2930569962250913,0.9328921964928183,0.5355698943695921,300,COMPLETE
106,0.8098089526367642,2026-08-31 21:11:16.179000,2026-08-31 21:11:18.177206,0 days 00:00:01.998206,False,0.3399032525295933,0.9210326984539818,0.7351043558301372,600,COMPLETE
107,0.7945865852272306,2026-08-31 21:11:18.240719,2026-08-31 21:11:19.232171,0 days 00:00:00.991452,False,0.2630190232509901,0.9504356524487617,0.4029936136602006,300,COMPLETE
108,0.8049266277683069,2026-08-31 21:11:19.311396,2026-08-31 21:11:19.958231,0 days 00:00:00.646835,False,0.24579440802820035,0.8947099009790045,0.37145522547424975,200,COMPLETE
109,0.8075507458916137,2026-08-31 21:11:20.037613,2026-08-31 21:11:21.309654,0 days 00:00:01.272041,True,0.28080634254526216,0.9685827523632089,0.5516871236042713,400,COMPLETE
110,0.7961180397563659,2026-08-31 21:11:21.389038,2026-08-31 21:11:22.366136,0 days 00:00:00.977098,False,0.1577075404477604,0.9076807246700981,0.8778279021558929,300,COMPLETE
111,0.8154589724421433,2026-08-31 21:11:22.444971,2026-08-31 21:11:23.436927,0 days 00:00:00.991956,False,0.4106235830863748,0.9150558350761995,0.475004372547,300,COMPLETE
112,0.8025941035519362,2026-08-31 21:11:23.500921,2026-08-31 21:11:24.491102,0 days 00:00:00.990181,False,0.3772471993570467,0.941947114879104,0.4576107556270508,300,COMPLETE
113,0.7843900314085916,2026-08-31 21:11:24.554685,2026-08-31 21:11:25.474197,0 days 00:00:00.919512,False,0.394164464984689,0.8805007381050579,0.10144100924752492,300,COMPLETE
114,0.7984742517206915,2026-08-31 21:11:25.554513,2026-08-31 21:11:26.529684,0 days 00:00:00.975171,False,0.4474919954108642,0.9267898726708322,0.48190155457760825,300,COMPLETE
115,0.7990442712657324,2026-08-31 21:11:26.592387,2026-08-31 21:11:27.599292,0 days 00:00:01.006905,False,0.35299170977053373,0.9595638474294542,0.4208707143723647,300,COMPLETE
116,0.7979224709847792,2026-08-31 21:11:27.710286,2026-08-31 21:11:28.735024,0 days 00:00:01.024738,False,0.223148999486139,0.9858662894515217,0.5166546024320269,300,COMPLETE
117,0.8014035104182954,2026-08-31 21:11:28.813793,2026-08-31 21:11:29.807622,0 days 00:00:00.993829,False,0.39115635389349857,0.8981430403906471,0.8341002017719673,300,COMPLETE
118,0.8039849451874594,2026-08-31 21:11:29.870772,2026-08-31 21:11:30.876081,0 days 00:00:01.005309,False,0.36762296417935475,0.9232086561229313,0.4404342562704719,300,COMPLETE
119,0.8004805964045176,2026-08-31 21:11:30.939140,2026-08-31 21:11:31.759220,0 days 00:00:00.820080,False,0.43060434521891483,0.5777635591110011,0.7057810030712985,300,COMPLETE
120,0.8070896294434015,2026-08-31 21:11:31.835382,2026-08-31 21:11:32.473547,0 days 00:00:00.638165,False,0.4074065219181918,0.8550866283769022,0.7794948478099119,200,COMPLETE
121,0.8142165387099426,2026-08-31 21:11:32.536711,2026-08-31 21:11:33.497806,0 days 00:00:00.961095,False,0.41449515732160036,0.9154396363860179,0.5734359786204243,300,COMPLETE
122,0.7955349276221997,2026-08-31 21:11:33.577434,2026-08-31 21:11:34.538967,0 days 00:00:00.961533,False,0.43930471331127824,0.9102561312183484,0.5845386018035333,300,COMPLETE
