number,value,datetime_start,datetime_complete,duration,params_bootstrap,params_contamination,params_max_features,params_max_samples,params_n_estimators,state
123,0.8000475571272044,2026-08-31 21:11:34.617852,2026-08-31 21:11:35.575736,0 days 00:00:00.957884,False,0.3856928625017392,0.8880924511479077,0.5095214844957703,300,COMPLETE
124,0.7968074818773592,2026-08-31 21:11:35.639109,2026-08-31 21:11:36.599100,0 days 00:00:00.959991,False,0.41774750150829404,0.9338625423414773,0.567137310233546,300,COMPLETE
125,0.8123307517976579,2026-08-31 21:11:36.678394,2026-08-31 21:11:37.656159,0 days 00:00:00.977765,False,0.18801690616540512,0.9190873863431602,0.539197919171841,300,COMPLETE
126,0.7995078094645343,2026-08-31 21:11:37.719235,2026-08-31 21:11:38.724120,0 days 00:00:01.004885,False,0.4002060994504164,0.9497893813532481,0.4946646130039759,300,COMPLETE
127,0.8040099951701212,2026-08-31 21:11:38.850908,2026-08-31 21:11:39.893578,0 days 00:00:01.042670,False,0.4634387997345626,0.9996590401795182,0.6218003533915301,300,COMPLETE
128,0.8076302095828367,2026-08-31 21:11:39.973019,2026-08-31 21:11:40.947297,0 days 00:00:00.974278,False,0.32968576534722815,0.8718685291064082,0.7643752972054176,300,COMPLETE
129,0.8195575582760223,2026-08-31 21:11:41.010444,2026-08-31 21:11:42.001391,0 days 00:00:00.990947,True,0.14395825562072181,0.975607544221187,0.7489749666350729,300,COMPLETE
130,0.8056736621455107,2026-08-31 21:11:42.080727,2026-08-31 21:11:43.023821,0 days 00:00:00.943094,True,0.14145344137665838,0.9051114238592624,0.7504094682910352,300,COMPLETE
131,0.8115375527998389,2026-08-31 21:11:43.102938,2026-08-31 21:11:44.095128,0 days 00:00:00.992190,True,0.1682937007752851,0.9751636613740017,0.80327133750285,300,COMPLETE
132,0.798825481235898,2026-08-31 21:11:44.158572,2026-08-31 21:11:45.118930,0 days 00:00:00.960358,True,0.11059408907283144,0.961345435139204,0.7277882578731959,300,COMPLETE
133,0.7986667052128635,2026-08-31 21:11:45.198577,2026-08-31 21:11:46.125566,0 days 00:00:00.926989,True,0.480321593781855,0.9402586191145614,0.4744884638696292,300,COMPLETE
134,0.8014368094889032,2026-08-31 21:11:46.204091,2026-08-31 21:11:47.172309,0 days 00:00:00.968218,True,0.12222459611312106,0.9779496088212781,0.3201659027656866,300,COMPLETE
135,0.801681027899929,2026-08-31 21:11:47.236849,2026-08-31 21:11:48.243551,0 days 00:00:01.006702,False,0.3024738258877884,0.9302063847351555,0.779119077073053,300,COMPLETE
136,0.7944872934530546,2026-08-31 21:11:48.306179,2026-08-31 21:11:49.346107,0 days 00:00:01.039928,False,0.08189854121081494,0.9524571871639395,0.7396331641454051,300,COMPLETE
137,0.8172229907075917,2026-08-31 21:11:49.409415,2026-08-31 21:11:50.798401,0 days 00:00:01.388986,False,0.15532654188842107,0.9845034997576523,0.8114004929810151,400,COMPLETE
138,0.8066718017869795,2026-08-31 21:11:50.861736,2026-08-31 21:11:51.566202,0 days 00:00:00.704466,False,0.16899025214263466,0.9922518625849795,0.8234468293422261,200,COMPLETE
139,0.7996612879081539,2026-08-31 21:11:51.629557,2026-08-31 21:11:53.350104,0 days 00:00:01.720547,False,0.1386882523677503,0.9678318445996696,0.5263985452337702,500,COMPLETE
140,0.8089756433948039,2026-08-31 21:11:53.413332,2026-08-31 21:11:54.731098,0 days 00:00:01.317766,True,0.1492553574119302,0.9846466373622548,0.794166425423348,400,COMPLETE
141,0.8108721011456244,2026-08-31 21:11:54.794762,2026-08-31 21:11:56.450165,0 days 00:00:01.655403,False,0.12856598541511774,0.9173757366827275,0.7620181203641159,500,COMPLETE
142,0.7864120417915446,2026-08-31 21:11:56.527374,2026-08-31 21:11:56.873889,0 days 00:00:00.346515,False,0.15697436274041743,0.8984703526352715,0.7169794314443427,100,COMPLETE
143,0.8021314735096055,2026-08-31 21:11:56.953003,2026-08-31 21:11:58.303016,0 days 00:00:01.350013,False,0.41279488228853345,0.9432786442342197,0.8140271754964576,400,COMPLETE
144,0.799909290304476,2026-08-31 21:11:58.368226,2026-08-31 21:11:59.739869,0 days 00:00:01.371643,False,0.3998696193525688,0.9738062000245392,0.6772218453381068,400,COMPLETE
145,0.7982914095511724,2026-08-31 21:11:59.803155,2026-08-31 21:12:00.811773,0 days 00:00:01.008618,False,0.4274079258432385,0.9591944869240863,0.8612166682480101,300,COMPLETE
146,0.806428264493307,2026-08-31 21:12:00.875598,2026-08-31 21:12:01.928225,0 days 00:00:01.052627,False,0.20242130465895802,0.9906511506323853,0.7576106677604464,300,COMPLETE
147,0.7981682786696295,2026-08-31 21:12:02.008372,2026-08-31 21:12:02.971149,0 days 00:00:00.962777,False,0.28521546625739563,0.9099809035419396,0.5527805753914348,300,COMPLETE
148,0.7984849225592272,2026-08-31 21:12:03.048108,2026-08-31 21:12:04.021080,0 days 00:00:00.972972,False,0.2690020532853213,0.9292471813773567,0.3935172996653352,300,COMPLETE
149,0.8016039102795895,2026-08-31 21:12:04.083989,2026-08-31 21:12:05.709021,0 days 00:00:01.625032,False,0.3113997696796541,0.8889219236914931,0.46987235973181163,500,COMPLETE
150,0.8038320721814871,2026-08-31 21:12:05.783192,2026-08-31 21:12:06.792060,0 days 00:00:01.008868,False,0.37680552213076496,0.9445681730454872,0.44857309745856305,300,COMPLETE
151,0.8154515558309624,2026-08-31 21:12:06.855112,2026-08-31 21:12:07.847492,0 days 00:00:00.992380,False,0.4421348588213329,0.9178227777940328,0.590052290922727,300,COMPLETE
152,0.8173726851659148,2026-08-31 21:12:07.925985,2026-08-31 21:12:08.885962,0 days 00:00:00.959977,False,0.456714856444172,0.9228195268972511,0.4954283329197655,300,COMPLETE
153,0.8162117584769973,2026-08-31 21:12:08.966600,2026-08-31 21:12:09.958501,0 days 00:00:00.991901,False,0.45394184116879194,0.9181277859471668,0.4916206356284695,300,COMPLETE
154,0.794251172770563,2026-08-31 21:12:10.021177,2026-08-31 21:12:10.995573,0 days 00:00:00.974396,False,0.47315072988606527,0.9001618052743021,0.5250660779823818,300,COMPLETE
155,0.7966688366561014,2026-08-31 21:12:11.074509,2026-08-31 21:12:12.066711,0 days 00:00:00.992202,False,0.4541249526244751,0.9273255831482666,0.4983760537693272,300,COMPLETE
156,0.7987163510999516,2026-08-31 21:12:12.130164,2026-08-31 21:12:14.083399,0 days 00:00:01.953235,False,0.44451498889316404,0.909482031891614,0.5782314617835532,600,COMPLETE
157,0.8164078445950538,2026-08-31 21:12:14.147262,2026-08-31 21:12:15.122963,0 days 00:00:00.975701,False,0.4677749648536465,0.9209028772327957,0.5536813518831222,300,COMPLETE
158,0.814031955907187,2026-08-31 21:12:15.202183,2026-08-31 21:12:16.195414,0 days 00:00:00.993231,False,0.48701272275614305,0.9222947647328419,0.5468099713414551,300,COMPLETE
159,0.8116447152634312,2026-08-31 21:12:16.307519,2026-08-31 21:12:17.326511,0 days 00:00:01.018992,False,0.49129205929581576,0.9377040049615238,0.6070944974695873,300,COMPLETE
160,0.8077698386402719,2026-08-31 21:12:17.405889,2026-08-31 21:12:18.711079,0 days 00:00:01.305190,False,0.467470196204022,0.921639136478398,0.5749848122272759,400,COMPLETE
161,0.7965990599672368,2026-08-31 21:12:18.790024,2026-08-31 21:12:19.782091,0 days 00:00:00.992067,False,0.4877061106397009,0.9044916931315913,0.5342746423212311,300,COMPLETE
162,0.7999709692648065,2026-08-31 21:12:19.845254,2026-08-31 21:12:20.860440,0 days 00:00:01.015186,False,0.4767085570673324,0.9320816693367882,0.5551691684785186,300,COMPLETE
163,0.8049130811009461,2026-08-31 21:12:20.923442,2026-08-31 21:12:21.907373,0 days 00:00:00.983931,False,0.4563319731162468,0.8915476127483178,0.49876354712896925,300,COMPLETE
164,0.8149302740165385,2026-08-31 21:12:21.987556,2026-08-31 21:12:22.969844,0 days 00:00:00.982288,False,0.43564228544747,0.916371005399364,0.5448095657102174,300,COMPLETE
165,0.8167741343717396,2026-08-31 21:12:23.033056,2026-08-31 21:12:24.003019,0 days 00:00:00.969963,False,0.43507549383655114,0.9197112579706983,0.5563967519695991,300,COMPLETE
166,0.7973003081223546,2026-08-31 21:12:24.083878,2026-08-31 21:12:25.090422,0 days 00:00:01.006544,False,0.43470908978183104,0.9505573133955995,0.6465885783260218,300,COMPLETE
167,0.8044170763083016,2026-08-31 21:12:25.154087,2026-08-31 21:12:26.144106,0 days 00:00:00.990019,False,0.4434664821451694,0.8821504317864659,0.5942460943205978,300,COMPLETE
168,0.8166401056125432,2026-08-31 21:12:26.223262,2026-08-31 21:12:27.135887,0 days 00:00:00.912625,True,0.4635531087097695,0.9112332925969829,0.5654042353905003,300,COMPLETE
169,0.7963216938450148,2026-08-31 21:12:27.215775,2026-08-31 21:12:28.096698,0 days 00:00:00.880923,True,0.461985253772988,0.9092706604784223,0.5067621093527254,300,COMPLETE
170,0.8093256620347155,2026-08-31 21:12:28.175987,2026-08-31 21:12:28.520880,0 days 00:00:00.344893,True,0.43666372425762606,0.9372440860555554,0.9064315457522157,100,COMPLETE
171,0.7985344170869035,2026-08-31 21:12:28.600633,2026-08-31 21:12:29.530658,0 days 00:00:00.930025,True,0.4510030285197924,0.9025842205800374,0.5789143840141672,300,COMPLETE
172,0.8137029005458172,2026-08-31 21:12:29.591640,2026-08-31 21:12:30.555633,0 days 00:00:00.963993,True,0.42572186098002984,0.9160828291019477,0.623618564857433,300,COMPLETE
173,0.8043857449100479,2026-08-31 21:12:30.634686,2026-08-31 21:12:31.569919,0 days 00:00:00.935233,True,0.468563930160656,0.9252968527610967,0.5582912443350342,300,COMPLETE
174,0.7980636136363327,2026-08-31 21:12:31.633116,2026-08-31 21:12:32.529137,0 days 00:00:00.896021,False,0.4561004646150932,0.6935588090418723,0.4837562396135079,300,COMPLETE
175,0.8133083822388206,2026-08-31 21:12:32.592225,2026-08-31 21:12:33.584751,0 days 00:00:00.992526,False,0.4422800851658085,0.8962078747896706,0.5975349203307061,300,COMPLETE
176,0.8048905285485799,2026-08-31 21:12:33.663638,2026-08-31 21:12:34.659608,0 days 00:00:00.995970,False,0.04476937835472597,0.9671516272529617,0.5138574072985856,300,COMPLETE
177,0.8018625835144475,2026-08-31 21:12:34.734743,2026-08-31 21:12:35.666491,0 days 00:00:00.931748,True,0.40911653741119897,0.9337119463517864,0.5628440930357034,300,COMPLETE
178,0.8168122012638208,2026-08-31 21:12:35.741214,2026-08-31 21:12:36.747209,0 days 00:00:01.005995,False,0.43016866057958003,0.9140214377462241,0.7446540344155785,300,COMPLETE
179,0.7995762995983982,2026-08-31 21:12:36.810887,2026-08-31 21:12:37.819264,0 days 00:00:01.008377,False,0.43254576691791335,0.9065865654153706,0.7434197960132045,300,COMPLETE
180,0.8219205814138816,2026-08-31 21:12:37.882827,2026-08-31 21:12:38.882065,0 days 00:00:00.999238,False,0.4271242310926683,0.916326858419487,0.7944673056971032,300,COMPLETE
181,0.8208359398685383,2026-08-31 21:12:38.960987,2026-08-31 21:12:39.954794,0 days 00:00:00.993807,False,0.41662803478890836,0.9156301309910669,0.7920361758967464,300,COMPLETE
182,0.8178841286185685,2026-08-31 21:12:40.018068,2026-08-31 21:12:41.034483,0 days 00:00:01.016415,False,0.42319250684026055,0.9191672060146179,0.7828118496280736,300,COMPLETE
183,0.8080170085598288,2026-08-31 21:12:41.113377,2026-08-31 21:12:42.103934,0 days 00:00:00.990557,False,0.4257018121039383,0.8926575361433768,0.795221349000304,300,COMPLETE
184,0.8158764973797415,2026-08-31 21:12:42.167338,2026-08-31 21:12:43.173199,0 days 00:00:01.005861,False,0.43787703120968396,0.9139256845336401,0.7744225956302022,300,COMPLETE
185,0.8026095422119452,2026-08-31 21:12:43.252619,2026-08-31 21:12:44.263451,0 days 00:00:01.010832,False,0.4206072231172121,0.9247377925244716,0.7803098812826589,300,COMPLETE
186,0.8020962067666435,2026-08-31 21:12:44.322890,2026-08-31 21:12:45.315150,0 days 00:00:00.992260,False,0.4062889617340705,0.9066607215862592,0.8421355747372571,300,COMPLETE
187,0.8096726534863898,2026-08-31 21:12:45.393566,2026-08-31 21:12:46.353918,0 days 00:00:00.960352,False,0.4441755252373947,0.8967558936763683,0.8144779530184277,300,COMPLETE
188,0.8032730261938057,2026-08-31 21:12:46.433163,2026-08-31 21:12:47.392991,0 days 00:00:00.959828,False,0.4618558415159693,0.8829419373083962,0.7721882292697513,300,COMPLETE
189,0.8027988171564682,2026-08-31 21:12:47.472394,2026-08-31 21:12:48.479719,0 days 00:00:01.007325,False,0.3966479487160365,0.9412404342586416,0.8029038632101174,300,COMPLETE
190,0.7993822568324017,2026-08-31 21:12:48.543526,2026-08-31 21:12:49.548852,0 days 00:00:01.005326,False,0.4205741308689351,0.9283925949889159,0.8296913516812843,300,COMPLETE
191,0.8129487522762564,2026-08-31 21:12:49.643484,2026-08-31 21:12:50.614245,0 days 00:00:00.970761,False,0.4326829866066988,0.9123768460355632,0.7723879836772092,300,COMPLETE
192,0.8174071951118176,2026-08-31 21:12:50.725400,2026-08-31 21:12:51.734640,0 days 00:00:01.009240,False,0.4520679540763663,0.9170009265844503,0.7865019031852589,300,COMPLETE
193,0.8175553002963164,2026-08-31 21:12:51.813827,2026-08-31 21:12:52.818925,0 days 00:00:01.005098,False,0.44835018847248254,0.9215264610828441,0.7880332659738587,300,COMPLETE
194,0.8012450371140847,2026-08-31 21:12:52.881939,2026-08-31 21:12:53.889040,0 days 00:00:01.007101,False,0.4508826115356889,0.9257384628332278,0.7871004465188768,300,COMPLETE
195,0.7993428277056138,2026-08-31 21:12:53.966144,2026-08-31 21:12:54.977644,0 days 00:00:01.011500,False,0.44852833407605985,0.90170111014612,0.8149354494939394,300,COMPLETE
196,0.8168566252511998,2026-08-31 21:12:55.051790,2026-08-31 21:12:56.047089,0 days 00:00:00.995299,False,0.4625023476454326,0.9171714388119878,0.7567466476001559,300,COMPLETE
197,0.8027094394237687,2026-08-31 21:12:56.107246,2026-08-31 21:12:57.118010,0 days 00:00:01.010764,False,0.4641030346975811,0.9335309102434342,0.7635019670693265,300,COMPLETE
198,0.8014337066209603,2026-08-31 21:12:57.192266,2026-08-31 21:12:58.155553,0 days 00:00:00.963287,True,0.4739767051089214,0.9435080067758342,0.7506314009019786,300,COMPLETE
199,0.8010050567665905,2026-08-31 21:12:58.233901,2026-08-31 21:12:59.182356,0 days 00:00:00.948455,False,0.4638486339385891,0.7705296262094464,0.7835724963784657,300,COMPLETE
