number,value,datetime_start,datetime_complete,duration,params_bootstrap,params_contamination,params_max_features,params_max_samples,params_n_estimators,state
0,0.8349925187345973,2026-08-06 00:05:24.457495,2026-08-06 00:05:26.068658,0 days 00:00:01.611163,False,0.38398623012183963,0.536628194041868,0.3564153687048641,600,COMPLETE
1,0.8415092128235894,2026-08-06 00:05:26.145204,2026-08-06 00:05:27.908993,0 days 00:00:01.763789,False,0.36924042442680854,0.8840999889044912,0.8640145968533398,500,COMPLETE
2,0.8550500337689771,2026-08-06 00:05:27.985652,2026-08-06 00:05:28.318600,0 days 00:00:00.332948,False,0.1353982885353253,0.8053361369288301,0.4687020335420059,100,COMPLETE
3,0.8418019970398258,2026-08-06 00:05:28.394996,2026-08-06 00:05:29.957901,0 days 00:00:01.562905,False,0.4625689464137566,0.500031747877314,0.8282380780907392,600,COMPLETE
4,0.827430872389191,2026-08-06 00:05:30.040116,2026-08-06 00:05:31.061774,0 days 00:00:01.021658,True,0.23839494222218316,0.8669033287950063,0.6963166032152694,300,COMPLETE
5,0.8213843394572535,2026-08-06 00:05:31.131229,2026-08-06 00:05:31.464474,0 days 00:00:00.333245,False,0.3324791783025361,0.7393218515259193,0.6779355150186597,100,COMPLETE
6,0.8436305512246643,2026-08-06 00:05:31.540901,2026-08-06 00:05:32.464552,0 days 00:00:00.923651,False,0.17160719491678636,0.7139365002775724,0.7797830873718581,300,COMPLETE
7,0.8404112720127029,2026-08-06 00:05:32.548014,2026-08-06 00:05:33.103491,0 days 00:00:00.555477,False,0.4855524407145187,0.5568706017148065,0.9864273686941608,200,COMPLETE
8,0.8413592282711002,2026-08-06 00:05:33.186467,2026-08-06 00:05:33.901979,0 days 00:00:00.715512,False,0.08987234528249519,0.9017654921799765,0.8717824139030287,200,COMPLETE
9,0.8144657406542559,2026-08-06 00:05:33.985117,2026-08-06 00:05:35.665917,0 days 00:00:01.680800,False,0.33026349906138686,0.6798109074445572,0.13411324946807668,600,COMPLETE
10,0.8363994097613898,2026-08-06 00:05:35.749228,2026-08-06 00:05:37.006101,0 days 00:00:01.256873,True,0.01088898238999464,0.793723922615648,0.46534561797971163,400,COMPLETE
11,0.8266477195163133,2026-08-06 00:05:37.082741,2026-08-06 00:05:37.381183,0 days 00:00:00.298442,True,0.17613523667310105,0.6802127902865528,0.49896956226285655,100,COMPLETE
12,0.8226780684863595,2026-08-06 00:05:37.464486,2026-08-06 00:05:38.471384,0 days 00:00:01.006898,False,0.18185111762514172,0.9951904757103547,0.2294844113946464,300,COMPLETE
13,0.8475687683663718,2026-08-06 00:05:38.547759,2026-08-06 00:05:39.436891,0 days 00:00:00.889132,False,0.10034763920690128,0.6303737695253201,0.6074150947664118,300,COMPLETE
14,0.8404898567333186,2026-08-06 00:05:39.513363,2026-08-06 00:05:40.061741,0 days 00:00:00.548378,True,0.07511521596840212,0.5978304265968815,0.5540874623270388,200,COMPLETE
15,0.8397017642494305,2026-08-06 00:05:40.131286,2026-08-06 00:05:41.270186,0 days 00:00:01.138900,False,0.10415659011487052,0.6247952783541537,0.39342486602754495,400,COMPLETE
16,0.8469486226568281,2026-08-06 00:05:41.346415,2026-08-06 00:05:41.686747,0 days 00:00:00.340332,False,0.022236396102062975,0.7965210769860325,0.5903935162906295,100,COMPLETE
17,0.8361964366544286,2026-08-06 00:05:41.756323,2026-08-06 00:05:43.061769,0 days 00:00:01.305446,False,0.24773198312171874,0.7976561519123222,0.31855796168167877,400,COMPLETE
18,0.8348393907932835,2026-08-06 00:05:43.142511,2026-08-06 00:05:43.871449,0 days 00:00:00.728938,True,0.12331830821690391,0.9589118423094496,0.6271210332198585,200,COMPLETE
19,0.8359346372708918,2026-08-06 00:05:43.943831,2026-08-06 00:05:45.381271,0 days 00:00:01.437440,False,0.23057452994001207,0.6290764929322641,0.4556912676515678,500,COMPLETE
20,0.8439179467743443,2026-08-06 00:05:45.464588,2026-08-06 00:05:46.478692,0 days 00:00:01.014104,False,0.05691321535518859,0.8333515850250947,0.7088226682613574,300,COMPLETE
21,0.8196604152147203,2026-08-06 00:05:46.554784,2026-08-06 00:05:46.881286,0 days 00:00:00.326502,False,0.01108330631716846,0.7633947414867178,0.5793160490235061,100,COMPLETE
22,0.824612150724596,2026-08-06 00:05:46.971359,2026-08-06 00:05:47.304828,0 days 00:00:00.333469,False,0.04321483710640857,0.8249510704735856,0.5306489355919555,100,COMPLETE
23,0.8496456502683556,2026-08-06 00:05:47.374236,2026-08-06 00:05:47.742392,0 days 00:00:00.368156,False,0.13719183993773162,0.9271916062584536,0.6194118392431391,100,COMPLETE
24,0.8356256870549859,2026-08-06 00:05:47.818578,2026-08-06 00:05:48.561855,0 days 00:00:00.743277,False,0.13431836599105582,0.9329378688276644,0.4040928480614424,200,COMPLETE
25,0.839250463425324,2026-08-06 00:05:48.638234,2026-08-06 00:05:48.992390,0 days 00:00:00.354156,False,0.1445418491302726,0.9955443523728563,0.3007258965909822,100,COMPLETE
26,0.8376334144028279,2026-08-06 00:05:49.068667,2026-08-06 00:05:49.777025,0 days 00:00:00.708358,True,0.20393866586468537,0.9394022099190326,0.7431309031369626,200,COMPLETE
27,0.8422407243086341,2026-08-06 00:05:49.846394,2026-08-06 00:05:51.596510,0 days 00:00:01.750116,False,0.2701896900791996,0.8608117924138732,0.6535674400350933,500,COMPLETE
28,0.8398234583024982,2026-08-06 00:05:51.674794,2026-08-06 00:05:52.596569,0 days 00:00:00.921775,False,0.10375621629112874,0.6931836213651282,0.6137801865794563,300,COMPLETE
29,0.8460913756187985,2026-08-06 00:05:52.672153,2026-08-06 00:05:52.943514,0 days 00:00:00.271361,False,0.1485446981442114,0.5499823462533091,0.43102309113255427,100,COMPLETE
30,0.8358304563841329,2026-08-06 00:05:53.025174,2026-08-06 00:05:53.728602,0 days 00:00:00.703428,False,0.2877725864032526,0.9123366520538603,0.5146540628679557,200,COMPLETE
31,0.8230970373111273,2026-08-06 00:05:53.804692,2026-08-06 00:05:54.124087,0 days 00:00:00.319395,False,0.04898896528029086,0.7621704005180538,0.5841021341098042,100,COMPLETE
32,0.8359741541589729,2026-08-06 00:05:54.200569,2026-08-06 00:05:54.520158,0 days 00:00:00.319589,False,0.07953154224423445,0.6536092528566941,0.6309178604282268,100,COMPLETE
33,0.8361939668489234,2026-08-06 00:05:54.603440,2026-08-06 00:05:54.956955,0 days 00:00:00.353515,False,0.11503429198747414,0.8257895238379632,0.7921280105213669,100,COMPLETE
34,0.8361533273219764,2026-08-06 00:05:55.033587,2026-08-06 00:05:55.561713,0 days 00:00:00.528126,False,0.04797849785214404,0.5034246438431909,0.49082140458915413,200,COMPLETE
35,0.833336401879567,2026-08-06 00:05:55.631069,2026-08-06 00:05:55.992330,0 days 00:00:00.361261,False,0.21200833073871506,0.8740658580526901,0.34874053327542065,100,COMPLETE
36,0.8501203019808738,2026-08-06 00:05:56.068476,2026-08-06 00:05:56.707440,0 days 00:00:00.638964,False,0.15175325256141858,0.7274878684942324,0.7079123204331098,200,COMPLETE
37,0.8461308925068796,2026-08-06 00:05:56.783649,2026-08-06 00:05:57.702514,0 days 00:00:00.918865,True,0.15892126100344695,0.7236786195978587,0.8716775986176613,300,COMPLETE
38,0.839230255925737,2026-08-06 00:05:57.776819,2026-08-06 00:05:58.339462,0 days 00:00:00.562643,False,0.19420755910556964,0.5851496934554228,0.7217349247460414,200,COMPLETE
39,0.8419021364266674,2026-08-06 00:05:58.435802,2026-08-06 00:05:59.380844,0 days 00:00:00.945042,False,0.4039969830691641,0.7341533670231454,0.6791355153928575,300,COMPLETE
40,0.8483191401843642,2026-08-06 00:05:59.457407,2026-08-06 00:06:00.103232,0 days 00:00:00.645825,False,0.16341070225349538,0.7538423374380547,0.9337812751292227,200,COMPLETE
41,0.8265318631853487,2026-08-06 00:06:00.172640,2026-08-06 00:06:00.853180,0 days 00:00:00.680540,False,0.16565265448416644,0.7645790805985135,0.9462695220974,200,COMPLETE
42,0.840069989797458,2026-08-06 00:06:00.929549,2026-08-06 00:06:01.553737,0 days 00:00:00.624188,False,0.13442896920961794,0.7020363342308951,0.9363603805208996,200,COMPLETE
43,0.8381606056142721,2026-08-06 00:06:01.630926,2026-08-06 00:06:02.825406,0 days 00:00:01.194480,False,0.08830544064043316,0.6587014652816471,0.778795286133006,400,COMPLETE
44,0.8462584242820501,2026-08-06 00:06:02.901903,2026-08-06 00:06:03.568600,0 days 00:00:00.666697,False,0.1793119003192353,0.7787501489576175,0.9041486732745776,200,COMPLETE
45,0.8442219573792399,2026-08-06 00:06:03.644805,2026-08-06 00:06:04.693376,0 days 00:00:01.048571,False,0.21874942079211918,0.8517043004858588,0.8429467687265815,300,COMPLETE
46,0.8264252124930846,2026-08-06 00:06:04.769707,2026-08-06 00:06:05.075544,0 days 00:00:00.305837,True,0.11248037531474958,0.6604368242216472,0.8034723958981629,100,COMPLETE
47,0.8374196639627535,2026-08-06 00:06:05.151726,2026-08-06 00:06:06.082523,0 days 00:00:00.930797,False,0.1446865981136079,0.744214598407277,0.5516889552330337,300,COMPLETE
48,0.8356427511657482,2026-08-06 00:06:06.158702,2026-08-06 00:06:06.894806,0 days 00:00:00.736104,False,0.07137025813489073,0.8959026529531547,0.7523502246832903,200,COMPLETE
49,0.8345659159655412,2026-08-06 00:06:06.971086,2026-08-06 00:06:07.825490,0 days 00:00:00.854404,False,0.252529865509587,0.6126490812986549,0.666209559511896,300,COMPLETE
50,0.84162125218241,2026-08-06 00:06:07.912463,2026-08-06 00:06:08.193516,0 days 00:00:00.281053,True,0.18580378640109982,0.70538995897083,0.14194089529636822,100,COMPLETE
51,0.8437928848046788,2026-08-06 00:06:08.269703,2026-08-06 00:06:08.617155,0 days 00:00:00.347452,False,0.034211917023602545,0.7979915978802716,0.5715089488815426,100,COMPLETE
52,0.8375215995717807,2026-08-06 00:06:08.693303,2026-08-06 00:06:09.040955,0 days 00:00:00.347652,False,0.09685847264689376,0.8152255593204144,0.6028538410746769,100,COMPLETE
53,0.8360376955187848,2026-08-06 00:06:09.123429,2026-08-06 00:06:09.470664,0 days 00:00:00.347235,False,0.024399522428721232,0.8474347940703337,0.9999613364155442,100,COMPLETE
54,0.8343984182467435,2026-08-06 00:06:09.547188,2026-08-06 00:06:10.790726,0 days 00:00:01.243538,False,0.06820116548652445,0.7473340141783982,0.5325828513974175,400,COMPLETE
55,0.8423094298072296,2026-08-06 00:06:10.866781,2026-08-06 00:06:11.554750,0 days 00:00:00.687969,False,0.12851382934326586,0.8101703725133335,0.6495785411396503,200,COMPLETE
56,0.8409505877238991,2026-08-06 00:06:11.630910,2026-08-06 00:06:13.483419,0 days 00:00:01.852509,False,0.15432970759966122,0.7221914392477852,0.4970040633416699,600,COMPLETE
57,0.8439659957178064,2026-08-06 00:06:13.567822,2026-08-06 00:06:13.922029,0 days 00:00:00.354207,False,0.1699304049570428,0.7823012909961535,0.6918832520330491,100,COMPLETE
58,0.8329511122207773,2026-08-06 00:06:14.004996,2026-08-06 00:06:15.570999,0 days 00:00:01.566003,False,0.11388432516906755,0.6839945227444413,0.46624419775806625,500,COMPLETE
59,0.824468452949756,2026-08-06 00:06:15.651247,2026-08-06 00:06:16.387915,0 days 00:00:00.736668,True,0.09493919276805715,0.9693711380184086,0.3959870719203772,200,COMPLETE
60,0.8328527690561212,2026-08-06 00:06:16.471754,2026-08-06 00:06:16.765450,0 days 00:00:00.293696,False,0.2007519674717351,0.5804463834090147,0.4348417775650934,100,COMPLETE
61,0.8426273611340628,2026-08-06 00:06:16.852162,2026-08-06 00:06:17.518851,0 days 00:00:00.666689,False,0.18257026546129632,0.7841678635187724,0.905123965765692,200,COMPLETE
62,0.846045122897522,2026-08-06 00:06:17.595214,2026-08-06 00:06:18.282751,0 days 00:00:00.687537,False,0.22868189295160135,0.7748075879572616,0.9496297108159353,200,COMPLETE
63,0.847937892025492,2026-08-06 00:06:18.364630,2026-08-06 00:06:19.060516,0 days 00:00:00.695886,False,0.13192014148411357,0.8398036881627492,0.8291863754129336,200,COMPLETE
64,0.8432223597330095,2026-08-06 00:06:19.150818,2026-08-06 00:06:19.524359,0 days 00:00:00.373541,False,0.13264635327462163,0.8421505529886208,0.8320693826245217,100,COMPLETE
65,0.8456216635172904,2026-08-06 00:06:19.605615,2026-08-06 00:06:20.325840,0 days 00:00:00.720225,False,0.157947976962373,0.8753232286518868,0.7275233889712809,200,COMPLETE
66,0.837617921986478,2026-08-06 00:06:20.408714,2026-08-06 00:06:20.761893,0 days 00:00:00.353179,False,0.06397826578398773,0.8102732662778956,0.7554989980649145,100,COMPLETE
67,0.833579789985702,2026-08-06 00:06:20.841765,2026-08-06 00:06:21.950715,0 days 00:00:01.108950,False,0.12483784940052366,0.9057494369946004,0.5957130922821122,300,COMPLETE
68,0.8382679298898557,2026-08-06 00:06:22.026755,2026-08-06 00:06:22.796583,0 days 00:00:00.769828,False,0.08482475881791063,0.9304100272004896,0.620584542168254,200,COMPLETE
69,0.8407045052844857,2026-08-06 00:06:22.876444,2026-08-06 00:06:23.867038,0 days 00:00:00.990594,False,0.1490936739330324,0.7600192041791805,0.6458245361719515,300,COMPLETE
70,0.8452300870808516,2026-08-06 00:06:23.950099,2026-08-06 00:06:24.294908,0 days 00:00:00.344809,False,0.10636379206695865,0.7934893514624732,0.6984947348855884,100,COMPLETE
71,0.8414324243251593,2026-08-06 00:06:24.376483,2026-08-06 00:06:25.105568,0 days 00:00:00.729085,False,0.17473465139369831,0.825425453840908,0.9034643179535885,200,COMPLETE
72,0.8494471677168579,2026-08-06 00:06:25.182006,2026-08-06 00:06:25.873938,0 days 00:00:00.691932,False,0.19880020168504517,0.7510504055468604,0.9019488180907109,200,COMPLETE
73,0.8390191998189408,2026-08-06 00:06:25.960020,2026-08-06 00:06:26.606640,0 days 00:00:00.646620,False,0.49333936265838657,0.7308977268934754,0.9725780774762485,200,COMPLETE
74,0.8384318351642824,2026-08-06 00:06:26.686119,2026-08-06 00:06:27.380934,0 days 00:00:00.694815,False,0.1984820846823483,0.7560901120616184,0.801607138412799,200,COMPLETE
75,0.8364595832046041,2026-08-06 00:06:27.471056,2026-08-06 00:06:27.776736,0 days 00:00:00.305680,False,0.2152291449132047,0.6384033835703973,0.8771447939273351,100,COMPLETE
76,0.8414899034350952,2026-08-06 00:06:27.846157,2026-08-06 00:06:28.575429,0 days 00:00:00.729272,True,0.1402440070170706,0.8855984504806235,0.8589880708123876,200,COMPLETE
77,0.840611550786386,2026-08-06 00:06:28.651376,2026-08-06 00:06:29.755595,0 days 00:00:01.104219,False,0.2918612787782455,0.9735741391116923,0.5489122401775663,300,COMPLETE
78,0.849854685625193,2026-08-06 00:06:29.825009,2026-08-06 00:06:30.130953,0 days 00:00:00.305944,False,0.4362442454263217,0.7190138626896894,0.2872354244522637,100,COMPLETE
79,0.8281120896530417,2026-08-06 00:06:30.206933,2026-08-06 00:06:31.415771,0 days 00:00:01.208838,False,0.4466217383704769,0.709700941260111,0.25198590818323374,400,COMPLETE
80,0.8150131393652869,2026-08-06 00:06:31.491544,2026-08-06 00:06:31.783595,0 days 00:00:00.292051,False,0.33499861195280195,0.6745411010501831,0.2834950381834466,100,COMPLETE
81,0.8463163524475323,2026-08-06 00:06:31.873627,2026-08-06 00:06:32.200294,0 days 00:00:00.326667,False,0.4074316266062668,0.7413368068820412,0.3368048525601279,100,COMPLETE
82,0.8274140328062021,2026-08-06 00:06:32.279104,2026-08-06 00:06:32.617073,0 days 00:00:00.337969,False,0.3141686320479778,0.7721752110280373,0.18085045491029583,100,COMPLETE
83,0.8453068755792816,2026-08-06 00:06:32.693351,2026-08-06 00:06:33.017744,0 days 00:00:00.324393,False,0.36392836855824706,0.7232539018162336,0.3765378471019944,100,COMPLETE
84,0.8382737676119585,2026-08-06 00:06:33.101461,2026-08-06 00:06:33.429510,0 days 00:00:00.328049,False,0.44705239099841626,0.7981335208336053,0.10244588492292761,100,COMPLETE
85,0.8350288922338538,2026-08-06 00:06:33.505488,2026-08-06 00:06:34.224057,0 days 00:00:00.718569,False,0.12479838236136971,0.8648257462657043,0.9196406222521972,200,COMPLETE
86,0.8498324573756475,2026-08-06 00:06:34.325236,2026-08-06 00:06:34.943498,0 days 00:00:00.618262,False,0.01247091902866792,0.6958286955742506,0.9649513205226907,200,COMPLETE
87,0.836133568877936,2026-08-06 00:06:35.012688,2026-08-06 00:06:35.639919,0 days 00:00:00.627231,False,0.16313752910288268,0.6741539872748511,0.9830534479915313,200,COMPLETE
88,0.8403066420703975,2026-08-06 00:06:35.713241,2026-08-06 00:06:36.640118,0 days 00:00:00.926877,False,0.47621505335686404,0.6959884481322848,0.9344323056441595,300,COMPLETE
89,0.8489127916166717,2026-08-06 00:06:36.714255,2026-08-06 00:06:37.311376,0 days 00:00:00.597121,True,0.18972010069934903,0.7169324278003096,0.8645549555010105,200,COMPLETE
90,0.8333323603796495,2026-08-06 00:06:37.387430,2026-08-06 00:06:38.019574,0 days 00:00:00.632144,True,0.25164224066434926,0.7475237225536101,0.9571694959671251,200,COMPLETE
91,0.8465022614437315,2026-08-06 00:06:38.095467,2026-08-06 00:06:38.693387,0 days 00:00:00.597920,True,0.1408436206048052,0.6940903548805474,0.851564980321361,200,COMPLETE
92,0.8534886676342317,2026-08-06 00:06:38.769776,2026-08-06 00:06:39.402027,0 days 00:00:00.632251,True,0.18871306281893735,0.7158601230981544,0.887325671746879,200,COMPLETE
93,0.8334684242102012,2026-08-06 00:06:39.477764,2026-08-06 00:06:40.110011,0 days 00:00:00.632247,True,0.20692349322216605,0.7286800826190577,0.8832662560826281,200,COMPLETE
94,0.8447563334794261,2026-08-06 00:06:40.186067,2026-08-06 00:06:40.783542,0 days 00:00:00.597475,True,0.23329177461793849,0.7195115347141448,0.821537683263462,200,COMPLETE
95,0.8482612120188819,2026-08-06 00:06:40.865855,2026-08-06 00:06:41.498814,0 days 00:00:00.632959,True,0.1915745578311838,0.6861312745247247,0.8881765522515885,200,COMPLETE
96,0.8413632697710176,2026-08-06 00:06:41.574880,2026-08-06 00:06:42.181495,0 days 00:00:00.606615,True,0.19502668145556143,0.7117249552196553,0.8930700063847978,200,COMPLETE
97,0.8448605143661851,2026-08-06 00:06:42.261995,2026-08-06 00:06:42.873850,0 days 00:00:00.611855,True,0.2686554554539603,0.6862189153270742,0.9624509563261557,200,COMPLETE
98,0.8442125272127662,2026-08-06 00:06:42.949573,2026-08-06 00:06:43.532509,0 days 00:00:00.582936,True,0.17106955373236504,0.647284195569268,0.9244316645122477,200,COMPLETE
99,0.8451537476379678,2026-08-06 00:06:43.609757,2026-08-06 00:06:44.213931,0 days 00:00:00.604174,True,0.18643346032050534,0.7004303033175818,0.9940669969141006,200,COMPLETE
100,0.8376105125699628,2026-08-06 00:06:44.283032,2026-08-06 00:06:44.894414,0 days 00:00:00.611382,True,0.22573929985352512,0.6718124648988901,0.7823261687175862,200,COMPLETE
101,0.8185970516809047,2026-08-06 00:06:44.970692,2026-08-06 00:06:45.588993,0 days 00:00:00.618301,True,0.2413984367812218,0.7356799362111863,0.8170919284887155,200,COMPLETE
102,0.8375031882943792,2026-08-06 00:06:45.658138,2026-08-06 00:06:46.297447,0 days 00:00:00.639309,True,0.15543840865550085,0.7512212469025648,0.8636780270531015,200,COMPLETE
103,0.8409074783914471,2026-08-06 00:06:46.379672,2026-08-06 00:06:46.984725,0 days 00:00:00.605053,True,0.16494120193833767,0.7115074686731788,0.9178336017730838,200,COMPLETE
104,0.8502622035335281,2026-08-06 00:06:47.067172,2026-08-06 00:06:47.677515,0 days 00:00:00.610343,True,0.18140321385209648,0.687012427027638,0.8877171880611281,200,COMPLETE
105,0.8340670152535189,2026-08-06 00:06:47.752475,2026-08-06 00:06:48.331511,0 days 00:00:00.579036,True,0.18988565295952403,0.6604100621542762,0.9413314821831296,200,COMPLETE
106,0.8488571087289213,2026-08-06 00:06:48.423539,2026-08-06 00:06:49.018520,0 days 00:00:00.594981,True,0.17955146966276214,0.6881763734804893,0.8923393256966071,200,COMPLETE
107,0.8430117526817598,2026-08-06 00:06:49.092470,2026-08-06 00:06:49.418536,0 days 00:00:00.326066,True,0.22005433566030974,0.7165593140417026,0.8471974032078399,100,COMPLETE
108,0.841537503323011,2026-08-06 00:06:49.490497,2026-08-06 00:06:50.086760,0 days 00:00:00.596263,True,0.20634790779536497,0.668068081961579,0.9719349645302198,200,COMPLETE
109,0.8284232851466795,2026-08-06 00:06:50.145268,2026-08-06 00:06:51.067695,0 days 00:00:00.922427,True,0.17863454438299192,0.7390625745978373,0.9076609244140547,300,COMPLETE
110,0.8283193287876937,2026-08-06 00:06:51.146462,2026-08-06 00:06:51.464558,0 days 00:00:00.318096,True,0.11633949731760028,0.7020047220482694,0.2007390681426472,100,COMPLETE
111,0.8370006951379858,2026-08-06 00:06:51.550557,2026-08-06 00:06:52.142580,0 days 00:00:00.592023,True,0.1919206464638701,0.6910784549608616,0.8878595269975432,200,COMPLETE
112,0.8368215219749823,2026-08-06 00:06:52.220357,2026-08-06 00:06:52.829581,0 days 00:00:00.609224,True,0.16946911107714238,0.6810850391866423,0.8699490783211741,200,COMPLETE
113,0.8356414039991091,2026-08-06 00:06:52.901610,2026-08-06 00:06:53.507663,0 days 00:00:00.606053,True,0.15155142896638987,0.6164619426828293,0.8947207422221425,200,COMPLETE
114,0.8444720813185708,2026-08-06 00:06:53.583537,2026-08-06 00:06:54.222466,0 days 00:00:00.638929,True,0.2113059828507183,0.7694731480816418,0.9263921956330277,200,COMPLETE
115,0.8426830440218133,2026-08-06 00:06:54.285668,2026-08-06 00:06:54.877555,0 days 00:00:00.591887,True,0.17889739765610047,0.646794086036725,0.8401251532409713,200,COMPLETE
116,0.8396092588068773,2026-08-06 00:06:54.949106,2026-08-06 00:06:55.567187,0 days 00:00:00.618081,True,0.16016597867294455,0.7249956714809646,0.9479267786226955,200,COMPLETE
117,0.8438106224987607,2026-08-06 00:06:55.647866,2026-08-06 00:06:56.224654,0 days 00:00:00.576788,True,0.1414368045051877,0.685909970100266,0.7626685521952192,200,COMPLETE
118,0.8245048264490125,2026-08-06 00:06:56.296290,2026-08-06 00:06:56.596575,0 days 00:00:00.300285,True,0.2005363134392848,0.6645137104828236,0.8714832108865569,100,COMPLETE
119,0.8358776072165023,2026-08-06 00:06:56.671278,2026-08-06 00:06:57.296386,0 days 00:00:00.625108,False,0.18526843731170156,0.7109125189874543,0.9135227374809259,200,COMPLETE
120,0.8439646485511672,2026-08-06 00:06:57.372642,2026-08-06 00:06:57.690168,0 days 00:00:00.317526,False,0.3731596058603914,0.7013747390341977,0.8106662106263607,100,COMPLETE
121,0.8440755652711218,2026-08-06 00:06:57.752921,2026-08-06 00:06:58.393204,0 days 00:00:00.640283,False,0.1366666729059202,0.7578505709327635,0.8394564547494541,200,COMPLETE
122,0.8359377806597164,2026-08-06 00:06:58.495417,2026-08-06 00:06:59.245587,0 days 00:00:00.750170,False,0.14770961410458008,0.9467151492781053,0.8814653589215681,200,COMPLETE
